mode: set
github.com/hsse/project-service/cmd/api/main.go:21.3,45.77 20 0
github.com/hsse/project-service/cmd/api/main.go:45.77,48.50 2 0
github.com/hsse/project-service/cmd/api/main.go:48.50,50.4 1 0
github.com/hsse/project-service/cmd/api/main.go:54.67,62.2 1 0
github.com/hsse/project-service/cmd/api/main.go:64.13,68.16 3 0
github.com/hsse/project-service/cmd/api/main.go:68.16,70.3 1 0
github.com/hsse/project-service/cmd/api/main.go:72.2,88.48 16 0
github.com/hsse/project-service/cmd/api/main.go:88.48,91.3 2 0
github.com/hsse/project-service/internal/config/config.go:27.21,42.2 1 0
github.com/hsse/project-service/internal/config/config.go:44.39,49.2 1 0
github.com/hsse/project-service/internal/config/config.go:51.46,52.42 1 0
github.com/hsse/project-service/internal/config/config.go:52.42,54.3 1 0
github.com/hsse/project-service/internal/config/config.go:56.2,56.21 1 0
github.com/hsse/project-service/internal/database/database.go:15.35,17.16 2 0
github.com/hsse/project-service/internal/database/database.go:17.16,19.3 1 0
github.com/hsse/project-service/internal/database/database.go:21.2,21.56 1 0
github.com/hsse/project-service/internal/database/database.go:21.56,23.3 1 0
github.com/hsse/project-service/internal/database/database.go:25.2,27.23 2 0
github.com/hsse/project-service/internal/database/database.go:30.23,32.2 1 0
github.com/hsse/project-service/internal/handlers/application_handler.go:17.96,19.2 1 0
github.com/hsse/project-service/internal/handlers/application_handler.go:27.77,29.61 2 0
github.com/hsse/project-service/internal/handlers/application_handler.go:29.61,32.3 2 0
github.com/hsse/project-service/internal/handlers/application_handler.go:34.2,34.46 1 0
github.com/hsse/project-service/internal/handlers/application_handler.go:34.46,37.3 2 0
github.com/hsse/project-service/internal/handlers/application_handler.go:39.2,47.56 2 0
github.com/hsse/project-service/internal/handlers/application_handler.go:47.56,50.3 2 0
github.com/hsse/project-service/internal/handlers/application_handler.go:52.2,52.53 1 0
github.com/hsse/project-service/internal/handlers/application_handler.go:55.85,57.20 2 0
github.com/hsse/project-service/internal/handlers/application_handler.go:57.20,60.3 2 0
github.com/hsse/project-service/internal/handlers/application_handler.go:62.2,63.16 2 0
github.com/hsse/project-service/internal/handlers/application_handler.go:63.16,66.3 2 0
github.com/hsse/project-service/internal/handlers/application_handler.go:68.2,68.49 1 0
github.com/hsse/project-service/internal/handlers/application_handler.go:71.85,73.20 2 0
github.com/hsse/project-service/internal/handlers/application_handler.go:73.20,76.3 2 0
github.com/hsse/project-service/internal/handlers/application_handler.go:78.2,79.16 2 0
github.com/hsse/project-service/internal/handlers/application_handler.go:79.16,82.3 2 0
github.com/hsse/project-service/internal/handlers/application_handler.go:84.2,84.49 1 0
github.com/hsse/project-service/internal/handlers/application_handler.go:92.77,94.16 2 0
github.com/hsse/project-service/internal/handlers/application_handler.go:94.16,97.3 2 0
github.com/hsse/project-service/internal/handlers/application_handler.go:99.2,100.61 2 0
github.com/hsse/project-service/internal/handlers/application_handler.go:100.61,103.3 2 0
github.com/hsse/project-service/internal/handlers/application_handler.go:105.2,110.56 2 0
github.com/hsse/project-service/internal/handlers/application_handler.go:110.56,113.3 2 0
github.com/hsse/project-service/internal/handlers/application_handler.go:115.2,116.16 2 0
github.com/hsse/project-service/internal/handlers/application_handler.go:116.16,119.3 2 0
github.com/hsse/project-service/internal/handlers/application_handler.go:121.2,121.55 1 0
github.com/hsse/project-service/internal/handlers/application_handler.go:131.87,133.20 2 0
github.com/hsse/project-service/internal/handlers/application_handler.go:133.20,136.3 2 0
github.com/hsse/project-service/internal/handlers/application_handler.go:138.2,139.61 2 0
github.com/hsse/project-service/internal/handlers/application_handler.go:139.61,142.3 2 0
github.com/hsse/project-service/internal/handlers/application_handler.go:144.2,146.37 2 0
github.com/hsse/project-service/internal/handlers/application_handler.go:146.37,151.3 1 0
github.com/hsse/project-service/internal/handlers/application_handler.go:153.2,153.78 1 0
github.com/hsse/project-service/internal/handlers/application_handler.go:153.78,156.3 2 0
github.com/hsse/project-service/internal/handlers/application_handler.go:158.2,158.37 1 0
github.com/hsse/project-service/internal/handlers/application_handler.go:161.77,163.16 2 0
github.com/hsse/project-service/internal/handlers/application_handler.go:163.16,166.3 2 0
github.com/hsse/project-service/internal/handlers/application_handler.go:168.2,168.55 1 0
github.com/hsse/project-service/internal/handlers/application_handler.go:168.55,171.3 2 0
github.com/hsse/project-service/internal/handlers/application_handler.go:173.2,173.37 1 0
github.com/hsse/project-service/internal/handlers/project_handler.go:18.84,20.2 1 0
github.com/hsse/project-service/internal/handlers/project_handler.go:33.73,35.61 2 0
github.com/hsse/project-service/internal/handlers/project_handler.go:35.61,38.3 2 0
github.com/hsse/project-service/internal/handlers/project_handler.go:40.2,40.83 1 0
github.com/hsse/project-service/internal/handlers/project_handler.go:40.83,43.3 2 0
github.com/hsse/project-service/internal/handlers/project_handler.go:45.2,58.60 2 0
github.com/hsse/project-service/internal/handlers/project_handler.go:58.60,61.3 2 0
github.com/hsse/project-service/internal/handlers/project_handler.go:63.2,63.57 1 0
github.com/hsse/project-service/internal/handlers/project_handler.go:66.74,68.16 2 0
github.com/hsse/project-service/internal/handlers/project_handler.go:68.16,70.3 1 0
github.com/hsse/project-service/internal/handlers/project_handler.go:72.2,73.16 2 0
github.com/hsse/project-service/internal/handlers/project_handler.go:73.16,75.3 1 0
github.com/hsse/project-service/internal/handlers/project_handler.go:77.2,86.16 3 0
github.com/hsse/project-service/internal/handlers/project_handler.go:86.16,89.3 2 0
github.com/hsse/project-service/internal/handlers/project_handler.go:91.2,97.53 2 0
github.com/hsse/project-service/internal/handlers/project_handler.go:100.74,102.16 2 0
github.com/hsse/project-service/internal/handlers/project_handler.go:102.16,105.3 2 0
github.com/hsse/project-service/internal/handlers/project_handler.go:107.2,108.16 2 0
github.com/hsse/project-service/internal/handlers/project_handler.go:108.16,111.3 2 0
github.com/hsse/project-service/internal/handlers/project_handler.go:113.2,113.52 1 0
github.com/hsse/project-service/internal/handlers/project_handler.go:125.73,127.16 2 0
github.com/hsse/project-service/internal/handlers/project_handler.go:127.16,130.3 2 0
github.com/hsse/project-service/internal/handlers/project_handler.go:132.2,133.61 2 0
github.com/hsse/project-service/internal/handlers/project_handler.go:133.61,136.3 2 0
github.com/hsse/project-service/internal/handlers/project_handler.go:138.2,147.60 2 0
github.com/hsse/project-service/internal/handlers/project_handler.go:147.60,150.3 2 0
github.com/hsse/project-service/internal/handlers/project_handler.go:152.2,153.16 2 0
github.com/hsse/project-service/internal/handlers/project_handler.go:153.16,156.3 2 0
github.com/hsse/project-service/internal/handlers/project_handler.go:158.2,158.59 1 0
github.com/hsse/project-service/internal/handlers/project_handler.go:161.73,163.16 2 0
github.com/hsse/project-service/internal/handlers/project_handler.go:163.16,166.3 2 0
github.com/hsse/project-service/internal/handlers/project_handler.go:168.2,168.55 1 0
github.com/hsse/project-service/internal/handlers/project_handler.go:168.55,171.3 2 0
github.com/hsse/project-service/internal/handlers/project_handler.go:173.2,173.37 1 0
github.com/hsse/project-service/internal/handlers/template_handler.go:19.87,21.2 1 0
github.com/hsse/project-service/internal/handlers/template_handler.go:28.74,30.61 2 0
github.com/hsse/project-service/internal/handlers/template_handler.go:30.61,33.3 2 0
github.com/hsse/project-service/internal/handlers/template_handler.go:35.2,35.39 1 0
github.com/hsse/project-service/internal/handlers/template_handler.go:35.39,38.3 2 0
github.com/hsse/project-service/internal/handlers/template_handler.go:40.2,48.61 2 0
github.com/hsse/project-service/internal/handlers/template_handler.go:48.61,51.3 2 0
github.com/hsse/project-service/internal/handlers/template_handler.go:53.2,53.58 1 0
github.com/hsse/project-service/internal/handlers/template_handler.go:56.74,58.16 2 0
github.com/hsse/project-service/internal/handlers/template_handler.go:58.16,61.3 2 0
github.com/hsse/project-service/internal/handlers/template_handler.go:63.2,63.54 1 0
github.com/hsse/project-service/internal/handlers/template_handler.go:66.75,68.16 2 0
github.com/hsse/project-service/internal/handlers/template_handler.go:68.16,71.3 2 0
github.com/hsse/project-service/internal/handlers/template_handler.go:73.2,74.16 2 0
github.com/hsse/project-service/internal/handlers/template_handler.go:74.16,77.3 2 0
github.com/hsse/project-service/internal/handlers/template_handler.go:79.2,79.53 1 0
github.com/hsse/project-service/internal/handlers/template_handler.go:87.74,89.16 2 0
github.com/hsse/project-service/internal/handlers/template_handler.go:89.16,92.3 2 0
github.com/hsse/project-service/internal/handlers/template_handler.go:94.2,95.61 2 0
github.com/hsse/project-service/internal/handlers/template_handler.go:95.61,98.3 2 0
github.com/hsse/project-service/internal/handlers/template_handler.go:100.2,106.61 2 0
github.com/hsse/project-service/internal/handlers/template_handler.go:106.61,109.3 2 0
github.com/hsse/project-service/internal/handlers/template_handler.go:111.2,112.16 2 0
github.com/hsse/project-service/internal/handlers/template_handler.go:112.16,115.3 2 0
github.com/hsse/project-service/internal/handlers/template_handler.go:117.2,117.60 1 0
github.com/hsse/project-service/internal/handlers/template_handler.go:120.74,122.16 2 0
github.com/hsse/project-service/internal/handlers/template_handler.go:122.16,125.3 2 0
github.com/hsse/project-service/internal/handlers/template_handler.go:127.2,127.55 1 0
github.com/hsse/project-service/internal/handlers/template_handler.go:127.55,130.3 2 0
github.com/hsse/project-service/internal/handlers/template_handler.go:132.2,132.37 1 0
github.com/hsse/project-service/internal/handlers/user_handler.go:17.75,19.2 1 0
github.com/hsse/project-service/internal/handlers/user_handler.go:21.70,23.62 2 0
github.com/hsse/project-service/internal/handlers/user_handler.go:23.62,26.3 2 0
github.com/hsse/project-service/internal/handlers/user_handler.go:28.2,35.58 7 0
github.com/hsse/project-service/internal/handlers/user_handler.go:35.58,38.3 2 0
github.com/hsse/project-service/internal/handlers/user_handler.go:40.2,40.54 1 0
github.com/hsse/project-service/internal/handlers/user_handler.go:43.71,45.16 2 0
github.com/hsse/project-service/internal/handlers/user_handler.go:45.16,48.3 2 0
github.com/hsse/project-service/internal/handlers/user_handler.go:50.2,51.16 2 0
github.com/hsse/project-service/internal/handlers/user_handler.go:51.16,54.3 2 0
github.com/hsse/project-service/internal/handlers/user_handler.go:56.2,56.49 1 0
github.com/hsse/project-service/internal/handlers/user_handler.go:59.70,61.16 2 0
github.com/hsse/project-service/internal/handlers/user_handler.go:61.16,64.3 2 0
github.com/hsse/project-service/internal/handlers/user_handler.go:66.2,66.50 1 0
github.com/hsse/project-service/internal/httputil/request.go:8.61,10.15 2 0
github.com/hsse/project-service/internal/httputil/request.go:10.15,12.3 1 0
github.com/hsse/project-service/internal/httputil/request.go:14.2,15.16 2 0
github.com/hsse/project-service/internal/httputil/request.go:15.16,17.3 1 0
github.com/hsse/project-service/internal/httputil/request.go:19.2,19.17 1 0
github.com/hsse/project-service/internal/httputil/request.go:22.67,24.15 2 0
github.com/hsse/project-service/internal/httputil/request.go:24.15,26.3 1 0
github.com/hsse/project-service/internal/httputil/request.go:28.2,28.17 1 0
github.com/hsse/project-service/internal/httputil/request.go:31.71,33.15 2 0
github.com/hsse/project-service/internal/httputil/request.go:33.15,35.3 1 0
github.com/hsse/project-service/internal/httputil/request.go:37.2,38.16 2 0
github.com/hsse/project-service/internal/httputil/request.go:38.16,40.3 1 0
github.com/hsse/project-service/internal/httputil/request.go:42.2,42.12 1 0
github.com/hsse/project-service/internal/httputil/request.go:45.59,47.2 1 0
github.com/hsse/project-service/internal/httputil/request.go:54.42,56.2 1 0
github.com/hsse/project-service/internal/httputil/response.go:17.71,21.56 3 0
github.com/hsse/project-service/internal/httputil/response.go:21.56,23.3 1 0
github.com/hsse/project-service/internal/httputil/response.go:26.70,28.2 1 0
github.com/hsse/project-service/internal/httputil/response.go:30.74,32.2 1 0
github.com/hsse/project-service/internal/middleware/cors.go:5.43,6.71 1 1
github.com/hsse/project-service/internal/middleware/cors.go:6.71,11.28 4 1
github.com/hsse/project-service/internal/middleware/cors.go:11.28,14.4 2 1
github.com/hsse/project-service/internal/middleware/cors.go:16.3,16.23 1 1
github.com/hsse/project-service/internal/middleware/logger.go:14.63,16.2 1 1
github.com/hsse/project-service/internal/middleware/logger.go:18.49,21.2 2 1
github.com/hsse/project-service/internal/middleware/logger.go:23.45,24.71 1 1
github.com/hsse/project-service/internal/middleware/logger.go:24.71,35.3 4 1
github.com/hsse/project-service/internal/models/project.go:26.53,28.2 1 0
github.com/hsse/project-service/internal/models/project.go:30.54,31.18 1 0
github.com/hsse/project-service/internal/models/project.go:31.18,34.3 2 0
github.com/hsse/project-service/internal/models/project.go:36.2,37.9 2 0
github.com/hsse/project-service/internal/models/project.go:37.9,39.3 1 0
github.com/hsse/project-service/internal/models/project.go:41.2,41.34 1 0
github.com/hsse/project-service/internal/models/template.go:26.56,28.2 1 0
github.com/hsse/project-service/internal/models/template.go:30.57,31.18 1 0
github.com/hsse/project-service/internal/models/template.go:31.18,34.3 2 0
github.com/hsse/project-service/internal/models/template.go:36.2,37.9 2 0
github.com/hsse/project-service/internal/models/template.go:37.9,39.3 1 0
github.com/hsse/project-service/internal/models/template.go:41.2,41.34 1 0
github.com/hsse/project-service/internal/repository/application_repository.go:18.72,23.2 1 0
github.com/hsse/project-service/internal/repository/application_repository.go:25.92,37.16 2 0
github.com/hsse/project-service/internal/repository/application_repository.go:37.16,39.3 1 0
github.com/hsse/project-service/internal/repository/application_repository.go:41.2,41.55 1 0
github.com/hsse/project-service/internal/repository/application_repository.go:44.99,49.16 2 0
github.com/hsse/project-service/internal/repository/application_repository.go:49.16,51.3 1 0
github.com/hsse/project-service/internal/repository/application_repository.go:53.2,55.36 2 0
github.com/hsse/project-service/internal/repository/application_repository.go:55.36,65.3 1 0
github.com/hsse/project-service/internal/repository/application_repository.go:67.2,67.91 1 0
github.com/hsse/project-service/internal/repository/application_repository.go:67.91,69.3 1 0
github.com/hsse/project-service/internal/repository/application_repository.go:71.2,71.17 1 0
github.com/hsse/project-service/internal/repository/application_repository.go:74.125,91.16 2 0
github.com/hsse/project-service/internal/repository/application_repository.go:91.16,93.3 1 0
github.com/hsse/project-service/internal/repository/application_repository.go:95.2,95.69 1 0
github.com/hsse/project-service/internal/repository/application_repository.go:95.69,109.3 3 0
github.com/hsse/project-service/internal/repository/application_repository.go:111.2,111.48 1 0
github.com/hsse/project-service/internal/repository/application_repository.go:114.114,120.16 2 0
github.com/hsse/project-service/internal/repository/application_repository.go:120.16,122.3 1 0
github.com/hsse/project-service/internal/repository/application_repository.go:124.2,124.58 1 0
github.com/hsse/project-service/internal/repository/application_repository.go:124.58,136.3 3 0
github.com/hsse/project-service/internal/repository/application_repository.go:138.2,138.48 1 0
github.com/hsse/project-service/internal/repository/application_repository.go:141.92,149.16 2 0
github.com/hsse/project-service/internal/repository/application_repository.go:149.16,151.3 1 0
github.com/hsse/project-service/internal/repository/application_repository.go:153.2,154.16 2 0
github.com/hsse/project-service/internal/repository/application_repository.go:154.16,156.3 1 0
github.com/hsse/project-service/internal/repository/application_repository.go:158.2,158.49 1 0
github.com/hsse/project-service/internal/repository/application_repository.go:161.75,165.16 2 0
github.com/hsse/project-service/internal/repository/application_repository.go:165.16,167.3 1 0
github.com/hsse/project-service/internal/repository/application_repository.go:169.2,170.16 2 0
github.com/hsse/project-service/internal/repository/application_repository.go:170.16,172.3 1 0
github.com/hsse/project-service/internal/repository/application_repository.go:174.2,174.49 1 0
github.com/hsse/project-service/internal/repository/application_repository.go:177.127,179.16 2 0
github.com/hsse/project-service/internal/repository/application_repository.go:179.16,181.3 1 0
github.com/hsse/project-service/internal/repository/application_repository.go:183.2,183.15 1 0
github.com/hsse/project-service/internal/repository/application_repository.go:183.15,185.3 1 0
github.com/hsse/project-service/internal/repository/application_repository.go:187.2,187.35 1 0
github.com/hsse/project-service/internal/repository/application_repository.go:187.35,192.17 2 0
github.com/hsse/project-service/internal/repository/application_repository.go:192.17,194.4 1 0
github.com/hsse/project-service/internal/repository/application_repository.go:196.3,197.17 2 0
github.com/hsse/project-service/internal/repository/application_repository.go:197.17,199.4 1 0
github.com/hsse/project-service/internal/repository/application_repository.go:202.2,202.23 1 0
github.com/hsse/project-service/internal/repository/project_repository.go:18.64,23.2 1 0
github.com/hsse/project-service/internal/repository/project_repository.go:25.88,42.16 2 0
github.com/hsse/project-service/internal/repository/project_repository.go:42.16,44.3 1 0
github.com/hsse/project-service/internal/repository/project_repository.go:46.2,46.59 1 0
github.com/hsse/project-service/internal/repository/project_repository.go:49.91,58.16 2 0
github.com/hsse/project-service/internal/repository/project_repository.go:58.16,60.3 1 0
github.com/hsse/project-service/internal/repository/project_repository.go:62.2,64.36 2 0
github.com/hsse/project-service/internal/repository/project_repository.go:64.36,79.3 1 0
github.com/hsse/project-service/internal/repository/project_repository.go:81.2,81.87 1 0
github.com/hsse/project-service/internal/repository/project_repository.go:81.87,83.3 1 0
github.com/hsse/project-service/internal/repository/project_repository.go:85.2,85.21 1 0
github.com/hsse/project-service/internal/repository/project_repository.go:96.99,98.27 2 0
github.com/hsse/project-service/internal/repository/project_repository.go:98.27,100.3 1 0
github.com/hsse/project-service/internal/repository/project_repository.go:102.2,102.26 1 0
github.com/hsse/project-service/internal/repository/project_repository.go:102.26,104.3 1 0
github.com/hsse/project-service/internal/repository/project_repository.go:106.2,106.26 1 0
github.com/hsse/project-service/internal/repository/project_repository.go:106.26,108.3 1 0
github.com/hsse/project-service/internal/repository/project_repository.go:110.2,110.11 1 0
github.com/hsse/project-service/internal/repository/project_repository.go:113.101,115.16 2 0
github.com/hsse/project-service/internal/repository/project_repository.go:115.16,117.3 1 0
github.com/hsse/project-service/internal/repository/project_repository.go:119.2,122.19 3 0
github.com/hsse/project-service/internal/repository/project_repository.go:125.31,126.13 1 0
github.com/hsse/project-service/internal/repository/project_repository.go:126.13,128.3 1 0
github.com/hsse/project-service/internal/repository/project_repository.go:130.2,130.18 1 0
github.com/hsse/project-service/internal/repository/project_repository.go:137.37,156.16 2 0
github.com/hsse/project-service/internal/repository/project_repository.go:156.16,158.3 1 0
github.com/hsse/project-service/internal/repository/project_repository.go:160.2,160.62 1 0
github.com/hsse/project-service/internal/repository/project_repository.go:160.62,174.3 3 0
github.com/hsse/project-service/internal/repository/project_repository.go:176.2,176.56 1 0
github.com/hsse/project-service/internal/repository/project_repository.go:179.125,183.16 3 0
github.com/hsse/project-service/internal/repository/project_repository.go:183.16,185.3 1 0
github.com/hsse/project-service/internal/repository/project_repository.go:187.2,188.16 2 0
github.com/hsse/project-service/internal/repository/project_repository.go:188.16,190.3 1 0
github.com/hsse/project-service/internal/repository/project_repository.go:192.2,192.29 1 0
github.com/hsse/project-service/internal/repository/project_repository.go:195.88,207.16 2 0
github.com/hsse/project-service/internal/repository/project_repository.go:207.16,209.3 1 0
github.com/hsse/project-service/internal/repository/project_repository.go:211.2,212.16 2 0
github.com/hsse/project-service/internal/repository/project_repository.go:212.16,214.3 1 0
github.com/hsse/project-service/internal/repository/project_repository.go:216.2,216.45 1 0
github.com/hsse/project-service/internal/repository/project_repository.go:219.71,223.16 2 0
github.com/hsse/project-service/internal/repository/project_repository.go:223.16,225.3 1 0
github.com/hsse/project-service/internal/repository/project_repository.go:227.2,228.16 2 0
github.com/hsse/project-service/internal/repository/project_repository.go:228.16,230.3 1 0
github.com/hsse/project-service/internal/repository/project_repository.go:232.2,232.45 1 0
github.com/hsse/project-service/internal/repository/template_repository.go:18.66,20.2 1 0
github.com/hsse/project-service/internal/repository/template_repository.go:22.91,32.16 2 0
github.com/hsse/project-service/internal/repository/template_repository.go:32.16,34.3 1 0
github.com/hsse/project-service/internal/repository/template_repository.go:36.2,38.12 2 0
github.com/hsse/project-service/internal/repository/template_repository.go:41.96,43.16 2 0
github.com/hsse/project-service/internal/repository/template_repository.go:43.16,45.3 1 0
github.com/hsse/project-service/internal/repository/template_repository.go:47.2,49.36 2 0
github.com/hsse/project-service/internal/repository/template_repository.go:49.36,57.3 1 0
github.com/hsse/project-service/internal/repository/template_repository.go:59.2,59.88 1 0
github.com/hsse/project-service/internal/repository/template_repository.go:59.88,61.3 1 0
github.com/hsse/project-service/internal/repository/template_repository.go:63.2,63.22 1 0
github.com/hsse/project-service/internal/repository/template_repository.go:66.85,68.16 2 0
github.com/hsse/project-service/internal/repository/template_repository.go:68.16,70.3 1 0
github.com/hsse/project-service/internal/repository/template_repository.go:72.2,72.55 1 0
github.com/hsse/project-service/internal/repository/template_repository.go:72.55,82.3 3 0
github.com/hsse/project-service/internal/repository/template_repository.go:84.2,84.48 1 0
github.com/hsse/project-service/internal/repository/template_repository.go:87.91,94.16 2 0
github.com/hsse/project-service/internal/repository/template_repository.go:94.16,96.3 1 0
github.com/hsse/project-service/internal/repository/template_repository.go:98.2,99.16 2 0
github.com/hsse/project-service/internal/repository/template_repository.go:99.16,101.3 1 0
github.com/hsse/project-service/internal/repository/template_repository.go:103.2,103.46 1 0
github.com/hsse/project-service/internal/repository/template_repository.go:106.75,108.16 2 0
github.com/hsse/project-service/internal/repository/template_repository.go:108.16,110.3 1 0
github.com/hsse/project-service/internal/repository/template_repository.go:112.2,113.16 2 0
github.com/hsse/project-service/internal/repository/template_repository.go:113.16,115.3 1 0
github.com/hsse/project-service/internal/repository/template_repository.go:117.2,117.46 1 0
github.com/hsse/project-service/internal/repository/user_repository.go:18.58,23.2 1 0
github.com/hsse/project-service/internal/repository/user_repository.go:25.79,39.16 2 0
github.com/hsse/project-service/internal/repository/user_repository.go:39.16,41.3 1 0
github.com/hsse/project-service/internal/repository/user_repository.go:43.2,43.56 1 0
github.com/hsse/project-service/internal/repository/user_repository.go:46.85,51.16 2 0
github.com/hsse/project-service/internal/repository/user_repository.go:51.16,53.3 1 0
github.com/hsse/project-service/internal/repository/user_repository.go:55.2,57.36 2 0
github.com/hsse/project-service/internal/repository/user_repository.go:57.36,69.3 1 0
github.com/hsse/project-service/internal/repository/user_repository.go:71.2,71.84 1 0
github.com/hsse/project-service/internal/repository/user_repository.go:71.84,73.3 1 0
github.com/hsse/project-service/internal/repository/user_repository.go:75.2,75.18 1 0
github.com/hsse/project-service/internal/repository/user_repository.go:78.77,82.16 2 0
github.com/hsse/project-service/internal/repository/user_repository.go:82.16,84.3 1 0
github.com/hsse/project-service/internal/repository/user_repository.go:86.2,86.51 1 0
github.com/hsse/project-service/internal/repository/user_repository.go:86.51,100.3 3 0
github.com/hsse/project-service/internal/repository/user_repository.go:102.2,102.48 1 0
github.com/hsse/project-service/internal/repository/util.go:17.82,19.35 2 0
github.com/hsse/project-service/internal/repository/util.go:19.35,21.3 1 0
github.com/hsse/project-service/internal/repository/util.go:22.2,22.16 1 0
github.com/hsse/project-service/internal/repository/util.go:22.16,24.3 1 0
github.com/hsse/project-service/internal/repository/util.go:25.2,25.12 1 0
github.com/hsse/project-service/internal/repository/util.go:34.16,36.16 2 0
github.com/hsse/project-service/internal/repository/util.go:36.16,38.3 1 0
github.com/hsse/project-service/internal/repository/util.go:39.2,42.18 3 0
github.com/hsse/project-service/internal/repository/util.go:42.18,44.17 2 0
github.com/hsse/project-service/internal/repository/util.go:44.17,46.4 1 0
github.com/hsse/project-service/internal/repository/util.go:47.3,47.34 1 0
github.com/hsse/project-service/internal/repository/util.go:50.2,50.34 1 0
github.com/hsse/project-service/internal/repository/util.go:50.34,52.3 1 0
github.com/hsse/project-service/internal/repository/util.go:54.2,54.21 1 0
github.com/hsse/project-service/internal/repository/util.go:57.72,58.29 1 0
github.com/hsse/project-service/internal/repository/util.go:58.29,60.3 1 0
github.com/hsse/project-service/internal/repository/util.go:61.2,61.12 1 0
github.com/hsse/project-service/cmd/api/main.go:21.3,45.77 20 0
github.com/hsse/project-service/cmd/api/main.go:45.77,48.50 2 0
github.com/hsse/project-service/cmd/api/main.go:48.50,50.4 1 0
github.com/hsse/project-service/cmd/api/main.go:54.67,62.2 1 0
github.com/hsse/project-service/cmd/api/main.go:64.13,68.16 3 0
github.com/hsse/project-service/cmd/api/main.go:68.16,70.3 1 0
github.com/hsse/project-service/cmd/api/main.go:72.2,88.48 16 0
github.com/hsse/project-service/cmd/api/main.go:88.48,91.3 2 0
github.com/hsse/project-service/internal/config/config.go:27.21,42.2 1 0
github.com/hsse/project-service/internal/config/config.go:44.39,49.2 1 0
github.com/hsse/project-service/internal/config/config.go:51.46,52.42 1 0
github.com/hsse/project-service/internal/config/config.go:52.42,54.3 1 0
github.com/hsse/project-service/internal/config/config.go:56.2,56.21 1 0
github.com/hsse/project-service/internal/database/database.go:15.35,17.16 2 0
github.com/hsse/project-service/internal/database/database.go:17.16,19.3 1 0
github.com/hsse/project-service/internal/database/database.go:21.2,21.56 1 0
github.com/hsse/project-service/internal/database/database.go:21.56,23.3 1 0
github.com/hsse/project-service/internal/database/database.go:25.2,27.23 2 0
github.com/hsse/project-service/internal/database/database.go:30.23,32.2 1 0
github.com/hsse/project-service/internal/handlers/application_handler.go:17.96,19.2 1 0
github.com/hsse/project-service/internal/handlers/application_handler.go:27.77,29.61 2 0
github.com/hsse/project-service/internal/handlers/application_handler.go:29.61,32.3 2 0
github.com/hsse/project-service/internal/handlers/application_handler.go:34.2,34.46 1 0
github.com/hsse/project-service/internal/handlers/application_handler.go:34.46,37.3 2 0
github.com/hsse/project-service/internal/handlers/application_handler.go:39.2,47.56 2 0
github.com/hsse/project-service/internal/handlers/application_handler.go:47.56,50.3 2 0
github.com/hsse/project-service/internal/handlers/application_handler.go:52.2,52.53 1 0
github.com/hsse/project-service/internal/handlers/application_handler.go:55.85,57.20 2 0
github.com/hsse/project-service/internal/handlers/application_handler.go:57.20,60.3 2 0
github.com/hsse/project-service/internal/handlers/application_handler.go:62.2,63.16 2 0
github.com/hsse/project-service/internal/handlers/application_handler.go:63.16,66.3 2 0
github.com/hsse/project-service/internal/handlers/application_handler.go:68.2,68.49 1 0
github.com/hsse/project-service/internal/handlers/application_handler.go:71.85,73.20 2 0
github.com/hsse/project-service/internal/handlers/application_handler.go:73.20,76.3 2 0
github.com/hsse/project-service/internal/handlers/application_handler.go:78.2,79.16 2 0
github.com/hsse/project-service/internal/handlers/application_handler.go:79.16,82.3 2 0
github.com/hsse/project-service/internal/handlers/application_handler.go:84.2,84.49 1 0
github.com/hsse/project-service/internal/handlers/application_handler.go:92.77,94.16 2 0
github.com/hsse/project-service/internal/handlers/application_handler.go:94.16,97.3 2 0
github.com/hsse/project-service/internal/handlers/application_handler.go:99.2,100.61 2 0
github.com/hsse/project-service/internal/handlers/application_handler.go:100.61,103.3 2 0
github.com/hsse/project-service/internal/handlers/application_handler.go:105.2,110.56 2 0
github.com/hsse/project-service/internal/handlers/application_handler.go:110.56,113.3 2 0
github.com/hsse/project-service/internal/handlers/application_handler.go:115.2,116.16 2 0
github.com/hsse/project-service/internal/handlers/application_handler.go:116.16,119.3 2 0
github.com/hsse/project-service/internal/handlers/application_handler.go:121.2,121.55 1 0
github.com/hsse/project-service/internal/handlers/application_handler.go:131.87,133.20 2 0
github.com/hsse/project-service/internal/handlers/application_handler.go:133.20,136.3 2 0
github.com/hsse/project-service/internal/handlers/application_handler.go:138.2,139.61 2 0
github.com/hsse/project-service/internal/handlers/application_handler.go:139.61,142.3 2 0
github.com/hsse/project-service/internal/handlers/application_handler.go:144.2,146.37 2 0
github.com/hsse/project-service/internal/handlers/application_handler.go:146.37,151.3 1 0
github.com/hsse/project-service/internal/handlers/application_handler.go:153.2,153.78 1 0
github.com/hsse/project-service/internal/handlers/application_handler.go:153.78,156.3 2 0
github.com/hsse/project-service/internal/handlers/application_handler.go:158.2,158.37 1 0
github.com/hsse/project-service/internal/handlers/application_handler.go:161.77,163.16 2 0
github.com/hsse/project-service/internal/handlers/application_handler.go:163.16,166.3 2 0
github.com/hsse/project-service/internal/handlers/application_handler.go:168.2,168.55 1 0
github.com/hsse/project-service/internal/handlers/application_handler.go:168.55,171.3 2 0
github.com/hsse/project-service/internal/handlers/application_handler.go:173.2,173.37 1 0
github.com/hsse/project-service/internal/handlers/project_handler.go:18.84,20.2 1 0
github.com/hsse/project-service/internal/handlers/project_handler.go:33.73,35.61 2 0
github.com/hsse/project-service/internal/handlers/project_handler.go:35.61,38.3 2 0
github.com/hsse/project-service/internal/handlers/project_handler.go:40.2,40.83 1 0
github.com/hsse/project-service/internal/handlers/project_handler.go:40.83,43.3 2 0
github.com/hsse/project-service/internal/handlers/project_handler.go:45.2,58.60 2 0
github.com/hsse/project-service/internal/handlers/project_handler.go:58.60,61.3 2 0
github.com/hsse/project-service/internal/handlers/project_handler.go:63.2,63.57 1 0
github.com/hsse/project-service/internal/handlers/project_handler.go:66.74,68.16 2 0
github.com/hsse/project-service/internal/handlers/project_handler.go:68.16,70.3 1 0
github.com/hsse/project-service/internal/handlers/project_handler.go:72.2,73.16 2 0
github.com/hsse/project-service/internal/handlers/project_handler.go:73.16,75.3 1 0
github.com/hsse/project-service/internal/handlers/project_handler.go:77.2,86.16 3 0
github.com/hsse/project-service/internal/handlers/project_handler.go:86.16,89.3 2 0
github.com/hsse/project-service/internal/handlers/project_handler.go:91.2,97.53 2 0
github.com/hsse/project-service/internal/handlers/project_handler.go:100.74,102.16 2 0
github.com/hsse/project-service/internal/handlers/project_handler.go:102.16,105.3 2 0
github.com/hsse/project-service/internal/handlers/project_handler.go:107.2,108.16 2 0
github.com/hsse/project-service/internal/handlers/project_handler.go:108.16,111.3 2 0
github.com/hsse/project-service/internal/handlers/project_handler.go:113.2,113.52 1 0
github.com/hsse/project-service/internal/handlers/project_handler.go:125.73,127.16 2 0
github.com/hsse/project-service/internal/handlers/project_handler.go:127.16,130.3 2 0
github.com/hsse/project-service/internal/handlers/project_handler.go:132.2,133.61 2 0
github.com/hsse/project-service/internal/handlers/project_handler.go:133.61,136.3 2 0
github.com/hsse/project-service/internal/handlers/project_handler.go:138.2,147.60 2 0
github.com/hsse/project-service/internal/handlers/project_handler.go:147.60,150.3 2 0
github.com/hsse/project-service/internal/handlers/project_handler.go:152.2,153.16 2 0
github.com/hsse/project-service/internal/handlers/project_handler.go:153.16,156.3 2 0
github.com/hsse/project-service/internal/handlers/project_handler.go:158.2,158.59 1 0
github.com/hsse/project-service/internal/handlers/project_handler.go:161.73,163.16 2 0
github.com/hsse/project-service/internal/handlers/project_handler.go:163.16,166.3 2 0
github.com/hsse/project-service/internal/handlers/project_handler.go:168.2,168.55 1 0
github.com/hsse/project-service/internal/handlers/project_handler.go:168.55,171.3 2 0
github.com/hsse/project-service/internal/handlers/project_handler.go:173.2,173.37 1 0
github.com/hsse/project-service/internal/handlers/template_handler.go:19.87,21.2 1 0
github.com/hsse/project-service/internal/handlers/template_handler.go:28.74,30.61 2 0
github.com/hsse/project-service/internal/handlers/template_handler.go:30.61,33.3 2 0
github.com/hsse/project-service/internal/handlers/template_handler.go:35.2,35.39 1 0
github.com/hsse/project-service/internal/handlers/template_handler.go:35.39,38.3 2 0
github.com/hsse/project-service/internal/handlers/template_handler.go:40.2,48.61 2 0
github.com/hsse/project-service/internal/handlers/template_handler.go:48.61,51.3 2 0
github.com/hsse/project-service/internal/handlers/template_handler.go:53.2,53.58 1 0
github.com/hsse/project-service/internal/handlers/template_handler.go:56.74,58.16 2 0
github.com/hsse/project-service/internal/handlers/template_handler.go:58.16,61.3 2 0
github.com/hsse/project-service/internal/handlers/template_handler.go:63.2,63.54 1 0
github.com/hsse/project-service/internal/handlers/template_handler.go:66.75,68.16 2 0
github.com/hsse/project-service/internal/handlers/template_handler.go:68.16,71.3 2 0
github.com/hsse/project-service/internal/handlers/template_handler.go:73.2,74.16 2 0
github.com/hsse/project-service/internal/handlers/template_handler.go:74.16,77.3 2 0
github.com/hsse/project-service/internal/handlers/template_handler.go:79.2,79.53 1 0
github.com/hsse/project-service/internal/handlers/template_handler.go:87.74,89.16 2 0
github.com/hsse/project-service/internal/handlers/template_handler.go:89.16,92.3 2 0
github.com/hsse/project-service/internal/handlers/template_handler.go:94.2,95.61 2 0
github.com/hsse/project-service/internal/handlers/template_handler.go:95.61,98.3 2 0
github.com/hsse/project-service/internal/handlers/template_handler.go:100.2,106.61 2 0
github.com/hsse/project-service/internal/handlers/template_handler.go:106.61,109.3 2 0
github.com/hsse/project-service/internal/handlers/template_handler.go:111.2,112.16 2 0
github.com/hsse/project-service/internal/handlers/template_handler.go:112.16,115.3 2 0
github.com/hsse/project-service/internal/handlers/template_handler.go:117.2,117.60 1 0
github.com/hsse/project-service/internal/handlers/template_handler.go:120.74,122.16 2 0
github.com/hsse/project-service/internal/handlers/template_handler.go:122.16,125.3 2 0
github.com/hsse/project-service/internal/handlers/template_handler.go:127.2,127.55 1 0
github.com/hsse/project-service/internal/handlers/template_handler.go:127.55,130.3 2 0
github.com/hsse/project-service/internal/handlers/template_handler.go:132.2,132.37 1 0
github.com/hsse/project-service/internal/handlers/user_handler.go:17.75,19.2 1 0
github.com/hsse/project-service/internal/handlers/user_handler.go:21.70,23.62 2 0
github.com/hsse/project-service/internal/handlers/user_handler.go:23.62,26.3 2 0
github.com/hsse/project-service/internal/handlers/user_handler.go:28.2,35.58 7 0
github.com/hsse/project-service/internal/handlers/user_handler.go:35.58,38.3 2 0
github.com/hsse/project-service/internal/handlers/user_handler.go:40.2,40.54 1 0
github.com/hsse/project-service/internal/handlers/user_handler.go:43.71,45.16 2 0
github.com/hsse/project-service/internal/handlers/user_handler.go:45.16,48.3 2 0
github.com/hsse/project-service/internal/handlers/user_handler.go:50.2,51.16 2 0
github.com/hsse/project-service/internal/handlers/user_handler.go:51.16,54.3 2 0
github.com/hsse/project-service/internal/handlers/user_handler.go:56.2,56.49 1 0
github.com/hsse/project-service/internal/handlers/user_handler.go:59.70,61.16 2 0
github.com/hsse/project-service/internal/handlers/user_handler.go:61.16,64.3 2 0
github.com/hsse/project-service/internal/handlers/user_handler.go:66.2,66.50 1 0
github.com/hsse/project-service/internal/httputil/request.go:8.61,10.15 2 1
github.com/hsse/project-service/internal/httputil/request.go:10.15,12.3 1 1
github.com/hsse/project-service/internal/httputil/request.go:14.2,15.16 2 1
github.com/hsse/project-service/internal/httputil/request.go:15.16,17.3 1 1
github.com/hsse/project-service/internal/httputil/request.go:19.2,19.17 1 1
github.com/hsse/project-service/internal/httputil/request.go:22.67,24.15 2 1
github.com/hsse/project-service/internal/httputil/request.go:24.15,26.3 1 1
github.com/hsse/project-service/internal/httputil/request.go:28.2,28.17 1 1
github.com/hsse/project-service/internal/httputil/request.go:31.71,33.15 2 1
github.com/hsse/project-service/internal/httputil/request.go:33.15,35.3 1 1
github.com/hsse/project-service/internal/httputil/request.go:37.2,38.16 2 1
github.com/hsse/project-service/internal/httputil/request.go:38.16,40.3 1 1
github.com/hsse/project-service/internal/httputil/request.go:42.2,42.12 1 1
github.com/hsse/project-service/internal/httputil/request.go:45.59,47.2 1 1
github.com/hsse/project-service/internal/httputil/request.go:54.42,56.2 1 1
github.com/hsse/project-service/internal/httputil/response.go:17.71,21.56 3 1
github.com/hsse/project-service/internal/httputil/response.go:21.56,23.3 1 0
github.com/hsse/project-service/internal/httputil/response.go:26.70,28.2 1 1
github.com/hsse/project-service/internal/httputil/response.go:30.74,32.2 1 1
github.com/hsse/project-service/internal/middleware/cors.go:5.43,6.71 1 0
github.com/hsse/project-service/internal/middleware/cors.go:6.71,11.28 4 0
github.com/hsse/project-service/internal/middleware/cors.go:11.28,14.4 2 0
github.com/hsse/project-service/internal/middleware/cors.go:16.3,16.23 1 0
github.com/hsse/project-service/internal/middleware/logger.go:14.63,16.2 1 0
github.com/hsse/project-service/internal/middleware/logger.go:18.49,21.2 2 0
github.com/hsse/project-service/internal/middleware/logger.go:23.45,24.71 1 0
github.com/hsse/project-service/internal/middleware/logger.go:24.71,35.3 4 0
github.com/hsse/project-service/internal/models/project.go:26.53,28.2 1 0
github.com/hsse/project-service/internal/models/project.go:30.54,31.18 1 0
github.com/hsse/project-service/internal/models/project.go:31.18,34.3 2 0
github.com/hsse/project-service/internal/models/project.go:36.2,37.9 2 0
github.com/hsse/project-service/internal/models/project.go:37.9,39.3 1 0
github.com/hsse/project-service/internal/models/project.go:41.2,41.34 1 0
github.com/hsse/project-service/internal/models/template.go:26.56,28.2 1 0
github.com/hsse/project-service/internal/models/template.go:30.57,31.18 1 0
github.com/hsse/project-service/internal/models/template.go:31.18,34.3 2 0
github.com/hsse/project-service/internal/models/template.go:36.2,37.9 2 0
github.com/hsse/project-service/internal/models/template.go:37.9,39.3 1 0
github.com/hsse/project-service/internal/models/template.go:41.2,41.34 1 0
github.com/hsse/project-service/internal/repository/application_repository.go:18.72,23.2 1 0
github.com/hsse/project-service/internal/repository/application_repository.go:25.92,37.16 2 0
github.com/hsse/project-service/internal/repository/application_repository.go:37.16,39.3 1 0
github.com/hsse/project-service/internal/repository/application_repository.go:41.2,41.55 1 0
github.com/hsse/project-service/internal/repository/application_repository.go:44.99,49.16 2 0
github.com/hsse/project-service/internal/repository/application_repository.go:49.16,51.3 1 0
github.com/hsse/project-service/internal/repository/application_repository.go:53.2,55.36 2 0
github.com/hsse/project-service/internal/repository/application_repository.go:55.36,65.3 1 0
github.com/hsse/project-service/internal/repository/application_repository.go:67.2,67.91 1 0
github.com/hsse/project-service/internal/repository/application_repository.go:67.91,69.3 1 0
github.com/hsse/project-service/internal/repository/application_repository.go:71.2,71.17 1 0
github.com/hsse/project-service/internal/repository/application_repository.go:74.125,91.16 2 0
github.com/hsse/project-service/internal/repository/application_repository.go:91.16,93.3 1 0
github.com/hsse/project-service/internal/repository/application_repository.go:95.2,95.69 1 0
github.com/hsse/project-service/internal/repository/application_repository.go:95.69,109.3 3 0
github.com/hsse/project-service/internal/repository/application_repository.go:111.2,111.48 1 0
github.com/hsse/project-service/internal/repository/application_repository.go:114.114,120.16 2 0
github.com/hsse/project-service/internal/repository/application_repository.go:120.16,122.3 1 0
github.com/hsse/project-service/internal/repository/application_repository.go:124.2,124.58 1 0
github.com/hsse/project-service/internal/repository/application_repository.go:124.58,136.3 3 0
github.com/hsse/project-service/internal/repository/application_repository.go:138.2,138.48 1 0
github.com/hsse/project-service/internal/repository/application_repository.go:141.92,149.16 2 0
github.com/hsse/project-service/internal/repository/application_repository.go:149.16,151.3 1 0
github.com/hsse/project-service/internal/repository/application_repository.go:153.2,154.16 2 0
github.com/hsse/project-service/internal/repository/application_repository.go:154.16,156.3 1 0
github.com/hsse/project-service/internal/repository/application_repository.go:158.2,158.49 1 0
github.com/hsse/project-service/internal/repository/application_repository.go:161.75,165.16 2 0
github.com/hsse/project-service/internal/repository/application_repository.go:165.16,167.3 1 0
github.com/hsse/project-service/internal/repository/application_repository.go:169.2,170.16 2 0
github.com/hsse/project-service/internal/repository/application_repository.go:170.16,172.3 1 0
github.com/hsse/project-service/internal/repository/application_repository.go:174.2,174.49 1 0
github.com/hsse/project-service/internal/repository/application_repository.go:177.127,179.16 2 0
github.com/hsse/project-service/internal/repository/application_repository.go:179.16,181.3 1 0
github.com/hsse/project-service/internal/repository/application_repository.go:183.2,183.15 1 0
github.com/hsse/project-service/internal/repository/application_repository.go:183.15,185.3 1 0
github.com/hsse/project-service/internal/repository/application_repository.go:187.2,187.35 1 0
github.com/hsse/project-service/internal/repository/application_repository.go:187.35,192.17 2 0
github.com/hsse/project-service/internal/repository/application_repository.go:192.17,194.4 1 0
github.com/hsse/project-service/internal/repository/application_repository.go:196.3,197.17 2 0
github.com/hsse/project-service/internal/repository/application_repository.go:197.17,199.4 1 0
github.com/hsse/project-service/internal/repository/application_repository.go:202.2,202.23 1 0
github.com/hsse/project-service/internal/repository/project_repository.go:18.64,23.2 1 0
github.com/hsse/project-service/internal/repository/project_repository.go:25.88,42.16 2 0
github.com/hsse/project-service/internal/repository/project_repository.go:42.16,44.3 1 0
github.com/hsse/project-service/internal/repository/project_repository.go:46.2,46.59 1 0
github.com/hsse/project-service/internal/repository/project_repository.go:49.91,58.16 2 0
github.com/hsse/project-service/internal/repository/project_repository.go:58.16,60.3 1 0
github.com/hsse/project-service/internal/repository/project_repository.go:62.2,64.36 2 0
github.com/hsse/project-service/internal/repository/project_repository.go:64.36,79.3 1 0
github.com/hsse/project-service/internal/repository/project_repository.go:81.2,81.87 1 0
github.com/hsse/project-service/internal/repository/project_repository.go:81.87,83.3 1 0
github.com/hsse/project-service/internal/repository/project_repository.go:85.2,85.21 1 0
github.com/hsse/project-service/internal/repository/project_repository.go:96.99,98.27 2 0
github.com/hsse/project-service/internal/repository/project_repository.go:98.27,100.3 1 0
github.com/hsse/project-service/internal/repository/project_repository.go:102.2,102.26 1 0
github.com/hsse/project-service/internal/repository/project_repository.go:102.26,104.3 1 0
github.com/hsse/project-service/internal/repository/project_repository.go:106.2,106.26 1 0
github.com/hsse/project-service/internal/repository/project_repository.go:106.26,108.3 1 0
github.com/hsse/project-service/internal/repository/project_repository.go:110.2,110.11 1 0
github.com/hsse/project-service/internal/repository/project_repository.go:113.101,115.16 2 0
github.com/hsse/project-service/internal/repository/project_repository.go:115.16,117.3 1 0
github.com/hsse/project-service/internal/repository/project_repository.go:119.2,122.19 3 0
github.com/hsse/project-service/internal/repository/project_repository.go:125.31,126.13 1 0
github.com/hsse/project-service/internal/repository/project_repository.go:126.13,128.3 1 0
github.com/hsse/project-service/internal/repository/project_repository.go:130.2,130.18 1 0
github.com/hsse/project-service/internal/repository/project_repository.go:137.37,156.16 2 0
github.com/hsse/project-service/internal/repository/project_repository.go:156.16,158.3 1 0
github.com/hsse/project-service/internal/repository/project_repository.go:160.2,160.62 1 0
github.com/hsse/project-service/internal/repository/project_repository.go:160.62,174.3 3 0
github.com/hsse/project-service/internal/repository/project_repository.go:176.2,176.56 1 0
github.com/hsse/project-service/internal/repository/project_repository.go:179.125,183.16 3 0
github.com/hsse/project-service/internal/repository/project_repository.go:183.16,185.3 1 0
github.com/hsse/project-service/internal/repository/project_repository.go:187.2,188.16 2 0
github.com/hsse/project-service/internal/repository/project_repository.go:188.16,190.3 1 0
github.com/hsse/project-service/internal/repository/project_repository.go:192.2,192.29 1 0
github.com/hsse/project-service/internal/repository/project_repository.go:195.88,207.16 2 0
github.com/hsse/project-service/internal/repository/project_repository.go:207.16,209.3 1 0
github.com/hsse/project-service/internal/repository/project_repository.go:211.2,212.16 2 0
github.com/hsse/project-service/internal/repository/project_repository.go:212.16,214.3 1 0
github.com/hsse/project-service/internal/repository/project_repository.go:216.2,216.45 1 0
github.com/hsse/project-service/internal/repository/project_repository.go:219.71,223.16 2 0
github.com/hsse/project-service/internal/repository/project_repository.go:223.16,225.3 1 0
github.com/hsse/project-service/internal/repository/project_repository.go:227.2,228.16 2 0
github.com/hsse/project-service/internal/repository/project_repository.go:228.16,230.3 1 0
github.com/hsse/project-service/internal/repository/project_repository.go:232.2,232.45 1 0
github.com/hsse/project-service/internal/repository/template_repository.go:18.66,20.2 1 0
github.com/hsse/project-service/internal/repository/template_repository.go:22.91,32.16 2 0
github.com/hsse/project-service/internal/repository/template_repository.go:32.16,34.3 1 0
github.com/hsse/project-service/internal/repository/template_repository.go:36.2,38.12 2 0
github.com/hsse/project-service/internal/repository/template_repository.go:41.96,43.16 2 0
github.com/hsse/project-service/internal/repository/template_repository.go:43.16,45.3 1 0
github.com/hsse/project-service/internal/repository/template_repository.go:47.2,49.36 2 0
github.com/hsse/project-service/internal/repository/template_repository.go:49.36,57.3 1 0
github.com/hsse/project-service/internal/repository/template_repository.go:59.2,59.88 1 0
github.com/hsse/project-service/internal/repository/template_repository.go:59.88,61.3 1 0
github.com/hsse/project-service/internal/repository/template_repository.go:63.2,63.22 1 0
github.com/hsse/project-service/internal/repository/template_repository.go:66.85,68.16 2 0
github.com/hsse/project-service/internal/repository/template_repository.go:68.16,70.3 1 0
github.com/hsse/project-service/internal/repository/template_repository.go:72.2,72.55 1 0
github.com/hsse/project-service/internal/repository/template_repository.go:72.55,82.3 3 0
github.com/hsse/project-service/internal/repository/template_repository.go:84.2,84.48 1 0
github.com/hsse/project-service/internal/repository/template_repository.go:87.91,94.16 2 0
github.com/hsse/project-service/internal/repository/template_repository.go:94.16,96.3 1 0
github.com/hsse/project-service/internal/repository/template_repository.go:98.2,99.16 2 0
github.com/hsse/project-service/internal/repository/template_repository.go:99.16,101.3 1 0
github.com/hsse/project-service/internal/repository/template_repository.go:103.2,103.46 1 0
github.com/hsse/project-service/internal/repository/template_repository.go:106.75,108.16 2 0
github.com/hsse/project-service/internal/repository/template_repository.go:108.16,110.3 1 0
github.com/hsse/project-service/internal/repository/template_repository.go:112.2,113.16 2 0
github.com/hsse/project-service/internal/repository/template_repository.go:113.16,115.3 1 0
github.com/hsse/project-service/internal/repository/template_repository.go:117.2,117.46 1 0
github.com/hsse/project-service/internal/repository/user_repository.go:18.58,23.2 1 0
github.com/hsse/project-service/internal/repository/user_repository.go:25.79,39.16 2 0
github.com/hsse/project-service/internal/repository/user_repository.go:39.16,41.3 1 0
github.com/hsse/project-service/internal/repository/user_repository.go:43.2,43.56 1 0
github.com/hsse/project-service/internal/repository/user_repository.go:46.85,51.16 2 0
github.com/hsse/project-service/internal/repository/user_repository.go:51.16,53.3 1 0
github.com/hsse/project-service/internal/repository/user_repository.go:55.2,57.36 2 0
github.com/hsse/project-service/internal/repository/user_repository.go:57.36,69.3 1 0
github.com/hsse/project-service/internal/repository/user_repository.go:71.2,71.84 1 0
github.com/hsse/project-service/internal/repository/user_repository.go:71.84,73.3 1 0
github.com/hsse/project-service/internal/repository/user_repository.go:75.2,75.18 1 0
github.com/hsse/project-service/internal/repository/user_repository.go:78.77,82.16 2 0
github.com/hsse/project-service/internal/repository/user_repository.go:82.16,84.3 1 0
github.com/hsse/project-service/internal/repository/user_repository.go:86.2,86.51 1 0
github.com/hsse/project-service/internal/repository/user_repository.go:86.51,100.3 3 0
github.com/hsse/project-service/internal/repository/user_repository.go:102.2,102.48 1 0
github.com/hsse/project-service/internal/repository/util.go:17.82,19.35 2 0
github.com/hsse/project-service/internal/repository/util.go:19.35,21.3 1 0
github.com/hsse/project-service/internal/repository/util.go:22.2,22.16 1 0
github.com/hsse/project-service/internal/repository/util.go:22.16,24.3 1 0
github.com/hsse/project-service/internal/repository/util.go:25.2,25.12 1 0
github.com/hsse/project-service/internal/repository/util.go:34.16,36.16 2 0
github.com/hsse/project-service/internal/repository/util.go:36.16,38.3 1 0
github.com/hsse/project-service/internal/repository/util.go:39.2,42.18 3 0
github.com/hsse/project-service/internal/repository/util.go:42.18,44.17 2 0
github.com/hsse/project-service/internal/repository/util.go:44.17,46.4 1 0
github.com/hsse/project-service/internal/repository/util.go:47.3,47.34 1 0
github.com/hsse/project-service/internal/repository/util.go:50.2,50.34 1 0
github.com/hsse/project-service/internal/repository/util.go:50.34,52.3 1 0
github.com/hsse/project-service/internal/repository/util.go:54.2,54.21 1 0
github.com/hsse/project-service/internal/repository/util.go:57.72,58.29 1 0
github.com/hsse/project-service/internal/repository/util.go:58.29,60.3 1 0
github.com/hsse/project-service/internal/repository/util.go:61.2,61.12 1 0
github.com/hsse/project-service/cmd/api/main.go:21.3,45.77 20 0
github.com/hsse/project-service/cmd/api/main.go:45.77,48.50 2 0
github.com/hsse/project-service/cmd/api/main.go:48.50,50.4 1 0
github.com/hsse/project-service/cmd/api/main.go:54.67,62.2 1 0
github.com/hsse/project-service/cmd/api/main.go:64.13,68.16 3 0
github.com/hsse/project-service/cmd/api/main.go:68.16,70.3 1 0
github.com/hsse/project-service/cmd/api/main.go:72.2,88.48 16 0
github.com/hsse/project-service/cmd/api/main.go:88.48,91.3 2 0
github.com/hsse/project-service/internal/config/config.go:27.21,42.2 1 1
github.com/hsse/project-service/internal/config/config.go:44.39,49.2 1 1
github.com/hsse/project-service/internal/config/config.go:51.46,52.42 1 1
github.com/hsse/project-service/internal/config/config.go:52.42,54.3 1 1
github.com/hsse/project-service/internal/config/config.go:56.2,56.21 1 1
github.com/hsse/project-service/internal/database/database.go:15.35,17.16 2 0
github.com/hsse/project-service/internal/database/database.go:17.16,19.3 1 0
github.com/hsse/project-service/internal/database/database.go:21.2,21.56 1 0
github.com/hsse/project-service/internal/database/database.go:21.56,23.3 1 0
github.com/hsse/project-service/internal/database/database.go:25.2,27.23 2 0
github.com/hsse/project-service/internal/database/database.go:30.23,32.2 1 0
github.com/hsse/project-service/internal/handlers/application_handler.go:17.96,19.2 1 0
github.com/hsse/project-service/internal/handlers/application_handler.go:27.77,29.61 2 0
github.com/hsse/project-service/internal/handlers/application_handler.go:29.61,32.3 2 0
github.com/hsse/project-service/internal/handlers/application_handler.go:34.2,34.46 1 0
github.com/hsse/project-service/internal/handlers/application_handler.go:34.46,37.3 2 0
github.com/hsse/project-service/internal/handlers/application_handler.go:39.2,47.56 2 0
github.com/hsse/project-service/internal/handlers/application_handler.go:47.56,50.3 2 0
github.com/hsse/project-service/internal/handlers/application_handler.go:52.2,52.53 1 0
github.com/hsse/project-service/internal/handlers/application_handler.go:55.85,57.20 2 0
github.com/hsse/project-service/internal/handlers/application_handler.go:57.20,60.3 2 0
github.com/hsse/project-service/internal/handlers/application_handler.go:62.2,63.16 2 0
github.com/hsse/project-service/internal/handlers/application_handler.go:63.16,66.3 2 0
github.com/hsse/project-service/internal/handlers/application_handler.go:68.2,68.49 1 0
github.com/hsse/project-service/internal/handlers/application_handler.go:71.85,73.20 2 0
github.com/hsse/project-service/internal/handlers/application_handler.go:73.20,76.3 2 0
github.com/hsse/project-service/internal/handlers/application_handler.go:78.2,79.16 2 0
github.com/hsse/project-service/internal/handlers/application_handler.go:79.16,82.3 2 0
github.com/hsse/project-service/internal/handlers/application_handler.go:84.2,84.49 1 0
github.com/hsse/project-service/internal/handlers/application_handler.go:92.77,94.16 2 0
github.com/hsse/project-service/internal/handlers/application_handler.go:94.16,97.3 2 0
github.com/hsse/project-service/internal/handlers/application_handler.go:99.2,100.61 2 0
github.com/hsse/project-service/internal/handlers/application_handler.go:100.61,103.3 2 0
github.com/hsse/project-service/internal/handlers/application_handler.go:105.2,110.56 2 0
github.com/hsse/project-service/internal/handlers/application_handler.go:110.56,113.3 2 0
github.com/hsse/project-service/internal/handlers/application_handler.go:115.2,116.16 2 0
github.com/hsse/project-service/internal/handlers/application_handler.go:116.16,119.3 2 0
github.com/hsse/project-service/internal/handlers/application_handler.go:121.2,121.55 1 0
github.com/hsse/project-service/internal/handlers/application_handler.go:131.87,133.20 2 0
github.com/hsse/project-service/internal/handlers/application_handler.go:133.20,136.3 2 0
github.com/hsse/project-service/internal/handlers/application_handler.go:138.2,139.61 2 0
github.com/hsse/project-service/internal/handlers/application_handler.go:139.61,142.3 2 0
github.com/hsse/project-service/internal/handlers/application_handler.go:144.2,146.37 2 0
github.com/hsse/project-service/internal/handlers/application_handler.go:146.37,151.3 1 0
github.com/hsse/project-service/internal/handlers/application_handler.go:153.2,153.78 1 0
github.com/hsse/project-service/internal/handlers/application_handler.go:153.78,156.3 2 0
github.com/hsse/project-service/internal/handlers/application_handler.go:158.2,158.37 1 0
github.com/hsse/project-service/internal/handlers/application_handler.go:161.77,163.16 2 0
github.com/hsse/project-service/internal/handlers/application_handler.go:163.16,166.3 2 0
github.com/hsse/project-service/internal/handlers/application_handler.go:168.2,168.55 1 0
github.com/hsse/project-service/internal/handlers/application_handler.go:168.55,171.3 2 0
github.com/hsse/project-service/internal/handlers/application_handler.go:173.2,173.37 1 0
github.com/hsse/project-service/internal/handlers/project_handler.go:18.84,20.2 1 0
github.com/hsse/project-service/internal/handlers/project_handler.go:33.73,35.61 2 0
github.com/hsse/project-service/internal/handlers/project_handler.go:35.61,38.3 2 0
github.com/hsse/project-service/internal/handlers/project_handler.go:40.2,40.83 1 0
github.com/hsse/project-service/internal/handlers/project_handler.go:40.83,43.3 2 0
github.com/hsse/project-service/internal/handlers/project_handler.go:45.2,58.60 2 0
github.com/hsse/project-service/internal/handlers/project_handler.go:58.60,61.3 2 0
github.com/hsse/project-service/internal/handlers/project_handler.go:63.2,63.57 1 0
github.com/hsse/project-service/internal/handlers/project_handler.go:66.74,68.16 2 0
github.com/hsse/project-service/internal/handlers/project_handler.go:68.16,70.3 1 0
github.com/hsse/project-service/internal/handlers/project_handler.go:72.2,73.16 2 0
github.com/hsse/project-service/internal/handlers/project_handler.go:73.16,75.3 1 0
github.com/hsse/project-service/internal/handlers/project_handler.go:77.2,86.16 3 0
github.com/hsse/project-service/internal/handlers/project_handler.go:86.16,89.3 2 0
github.com/hsse/project-service/internal/handlers/project_handler.go:91.2,97.53 2 0
github.com/hsse/project-service/internal/handlers/project_handler.go:100.74,102.16 2 0
github.com/hsse/project-service/internal/handlers/project_handler.go:102.16,105.3 2 0
github.com/hsse/project-service/internal/handlers/project_handler.go:107.2,108.16 2 0
github.com/hsse/project-service/internal/handlers/project_handler.go:108.16,111.3 2 0
github.com/hsse/project-service/internal/handlers/project_handler.go:113.2,113.52 1 0
github.com/hsse/project-service/internal/handlers/project_handler.go:125.73,127.16 2 0
github.com/hsse/project-service/internal/handlers/project_handler.go:127.16,130.3 2 0
github.com/hsse/project-service/internal/handlers/project_handler.go:132.2,133.61 2 0
github.com/hsse/project-service/internal/handlers/project_handler.go:133.61,136.3 2 0
github.com/hsse/project-service/internal/handlers/project_handler.go:138.2,147.60 2 0
github.com/hsse/project-service/internal/handlers/project_handler.go:147.60,150.3 2 0
github.com/hsse/project-service/internal/handlers/project_handler.go:152.2,153.16 2 0
github.com/hsse/project-service/internal/handlers/project_handler.go:153.16,156.3 2 0
github.com/hsse/project-service/internal/handlers/project_handler.go:158.2,158.59 1 0
github.com/hsse/project-service/internal/handlers/project_handler.go:161.73,163.16 2 0
github.com/hsse/project-service/internal/handlers/project_handler.go:163.16,166.3 2 0
github.com/hsse/project-service/internal/handlers/project_handler.go:168.2,168.55 1 0
github.com/hsse/project-service/internal/handlers/project_handler.go:168.55,171.3 2 0
github.com/hsse/project-service/internal/handlers/project_handler.go:173.2,173.37 1 0
github.com/hsse/project-service/internal/handlers/template_handler.go:19.87,21.2 1 0
github.com/hsse/project-service/internal/handlers/template_handler.go:28.74,30.61 2 0
github.com/hsse/project-service/internal/handlers/template_handler.go:30.61,33.3 2 0
github.com/hsse/project-service/internal/handlers/template_handler.go:35.2,35.39 1 0
github.com/hsse/project-service/internal/handlers/template_handler.go:35.39,38.3 2 0
github.com/hsse/project-service/internal/handlers/template_handler.go:40.2,48.61 2 0
github.com/hsse/project-service/internal/handlers/template_handler.go:48.61,51.3 2 0
github.com/hsse/project-service/internal/handlers/template_handler.go:53.2,53.58 1 0
github.com/hsse/project-service/internal/handlers/template_handler.go:56.74,58.16 2 0
github.com/hsse/project-service/internal/handlers/template_handler.go:58.16,61.3 2 0
github.com/hsse/project-service/internal/handlers/template_handler.go:63.2,63.54 1 0
github.com/hsse/project-service/internal/handlers/template_handler.go:66.75,68.16 2 0
github.com/hsse/project-service/internal/handlers/template_handler.go:68.16,71.3 2 0
github.com/hsse/project-service/internal/handlers/template_handler.go:73.2,74.16 2 0
github.com/hsse/project-service/internal/handlers/template_handler.go:74.16,77.3 2 0
github.com/hsse/project-service/internal/handlers/template_handler.go:79.2,79.53 1 0
github.com/hsse/project-service/internal/handlers/template_handler.go:87.74,89.16 2 0
github.com/hsse/project-service/internal/handlers/template_handler.go:89.16,92.3 2 0
github.com/hsse/project-service/internal/handlers/template_handler.go:94.2,95.61 2 0
github.com/hsse/project-service/internal/handlers/template_handler.go:95.61,98.3 2 0
github.com/hsse/project-service/internal/handlers/template_handler.go:100.2,106.61 2 0
github.com/hsse/project-service/internal/handlers/template_handler.go:106.61,109.3 2 0
github.com/hsse/project-service/internal/handlers/template_handler.go:111.2,112.16 2 0
github.com/hsse/project-service/internal/handlers/template_handler.go:112.16,115.3 2 0
github.com/hsse/project-service/internal/handlers/template_handler.go:117.2,117.60 1 0
github.com/hsse/project-service/internal/handlers/template_handler.go:120.74,122.16 2 0
github.com/hsse/project-service/internal/handlers/template_handler.go:122.16,125.3 2 0
github.com/hsse/project-service/internal/handlers/template_handler.go:127.2,127.55 1 0
github.com/hsse/project-service/internal/handlers/template_handler.go:127.55,130.3 2 0
github.com/hsse/project-service/internal/handlers/template_handler.go:132.2,132.37 1 0
github.com/hsse/project-service/internal/handlers/user_handler.go:17.75,19.2 1 0
github.com/hsse/project-service/internal/handlers/user_handler.go:21.70,23.62 2 0
github.com/hsse/project-service/internal/handlers/user_handler.go:23.62,26.3 2 0
github.com/hsse/project-service/internal/handlers/user_handler.go:28.2,35.58 7 0
github.com/hsse/project-service/internal/handlers/user_handler.go:35.58,38.3 2 0
github.com/hsse/project-service/internal/handlers/user_handler.go:40.2,40.54 1 0
github.com/hsse/project-service/internal/handlers/user_handler.go:43.71,45.16 2 0
github.com/hsse/project-service/internal/handlers/user_handler.go:45.16,48.3 2 0
github.com/hsse/project-service/internal/handlers/user_handler.go:50.2,51.16 2 0
github.com/hsse/project-service/internal/handlers/user_handler.go:51.16,54.3 2 0
github.com/hsse/project-service/internal/handlers/user_handler.go:56.2,56.49 1 0
github.com/hsse/project-service/internal/handlers/user_handler.go:59.70,61.16 2 0
github.com/hsse/project-service/internal/handlers/user_handler.go:61.16,64.3 2 0
github.com/hsse/project-service/internal/handlers/user_handler.go:66.2,66.50 1 0
github.com/hsse/project-service/internal/httputil/request.go:8.61,10.15 2 0
github.com/hsse/project-service/internal/httputil/request.go:10.15,12.3 1 0
github.com/hsse/project-service/internal/httputil/request.go:14.2,15.16 2 0
github.com/hsse/project-service/internal/httputil/request.go:15.16,17.3 1 0
github.com/hsse/project-service/internal/httputil/request.go:19.2,19.17 1 0
github.com/hsse/project-service/internal/httputil/request.go:22.67,24.15 2 0
github.com/hsse/project-service/internal/httputil/request.go:24.15,26.3 1 0
github.com/hsse/project-service/internal/httputil/request.go:28.2,28.17 1 0
github.com/hsse/project-service/internal/httputil/request.go:31.71,33.15 2 0
github.com/hsse/project-service/internal/httputil/request.go:33.15,35.3 1 0
github.com/hsse/project-service/internal/httputil/request.go:37.2,38.16 2 0
github.com/hsse/project-service/internal/httputil/request.go:38.16,40.3 1 0
github.com/hsse/project-service/internal/httputil/request.go:42.2,42.12 1 0
github.com/hsse/project-service/internal/httputil/request.go:45.59,47.2 1 0
github.com/hsse/project-service/internal/httputil/request.go:54.42,56.2 1 0
github.com/hsse/project-service/internal/httputil/response.go:17.71,21.56 3 0
github.com/hsse/project-service/internal/httputil/response.go:21.56,23.3 1 0
github.com/hsse/project-service/internal/httputil/response.go:26.70,28.2 1 0
github.com/hsse/project-service/internal/httputil/response.go:30.74,32.2 1 0
github.com/hsse/project-service/internal/middleware/cors.go:5.43,6.71 1 0
github.com/hsse/project-service/internal/middleware/cors.go:6.71,11.28 4 0
github.com/hsse/project-service/internal/middleware/cors.go:11.28,14.4 2 0
github.com/hsse/project-service/internal/middleware/cors.go:16.3,16.23 1 0
github.com/hsse/project-service/internal/middleware/logger.go:14.63,16.2 1 0
github.com/hsse/project-service/internal/middleware/logger.go:18.49,21.2 2 0
github.com/hsse/project-service/internal/middleware/logger.go:23.45,24.71 1 0
github.com/hsse/project-service/internal/middleware/logger.go:24.71,35.3 4 0
github.com/hsse/project-service/internal/models/project.go:26.53,28.2 1 0
github.com/hsse/project-service/internal/models/project.go:30.54,31.18 1 0
github.com/hsse/project-service/internal/models/project.go:31.18,34.3 2 0
github.com/hsse/project-service/internal/models/project.go:36.2,37.9 2 0
github.com/hsse/project-service/internal/models/project.go:37.9,39.3 1 0
github.com/hsse/project-service/internal/models/project.go:41.2,41.34 1 0
github.com/hsse/project-service/internal/models/template.go:26.56,28.2 1 0
github.com/hsse/project-service/internal/models/template.go:30.57,31.18 1 0
github.com/hsse/project-service/internal/models/template.go:31.18,34.3 2 0
github.com/hsse/project-service/internal/models/template.go:36.2,37.9 2 0
github.com/hsse/project-service/internal/models/template.go:37.9,39.3 1 0
github.com/hsse/project-service/internal/models/template.go:41.2,41.34 1 0
github.com/hsse/project-service/internal/repository/application_repository.go:18.72,23.2 1 0
github.com/hsse/project-service/internal/repository/application_repository.go:25.92,37.16 2 0
github.com/hsse/project-service/internal/repository/application_repository.go:37.16,39.3 1 0
github.com/hsse/project-service/internal/repository/application_repository.go:41.2,41.55 1 0
github.com/hsse/project-service/internal/repository/application_repository.go:44.99,49.16 2 0
github.com/hsse/project-service/internal/repository/application_repository.go:49.16,51.3 1 0
github.com/hsse/project-service/internal/repository/application_repository.go:53.2,55.36 2 0
github.com/hsse/project-service/internal/repository/application_repository.go:55.36,65.3 1 0
github.com/hsse/project-service/internal/repository/application_repository.go:67.2,67.91 1 0
github.com/hsse/project-service/internal/repository/application_repository.go:67.91,69.3 1 0
github.com/hsse/project-service/internal/repository/application_repository.go:71.2,71.17 1 0
github.com/hsse/project-service/internal/repository/application_repository.go:74.125,91.16 2 0
github.com/hsse/project-service/internal/repository/application_repository.go:91.16,93.3 1 0
github.com/hsse/project-service/internal/repository/application_repository.go:95.2,95.69 1 0
github.com/hsse/project-service/internal/repository/application_repository.go:95.69,109.3 3 0
github.com/hsse/project-service/internal/repository/application_repository.go:111.2,111.48 1 0
github.com/hsse/project-service/internal/repository/application_repository.go:114.114,120.16 2 0
github.com/hsse/project-service/internal/repository/application_repository.go:120.16,122.3 1 0
github.com/hsse/project-service/internal/repository/application_repository.go:124.2,124.58 1 0
github.com/hsse/project-service/internal/repository/application_repository.go:124.58,136.3 3 0
github.com/hsse/project-service/internal/repository/application_repository.go:138.2,138.48 1 0
github.com/hsse/project-service/internal/repository/application_repository.go:141.92,149.16 2 0
github.com/hsse/project-service/internal/repository/application_repository.go:149.16,151.3 1 0
github.com/hsse/project-service/internal/repository/application_repository.go:153.2,154.16 2 0
github.com/hsse/project-service/internal/repository/application_repository.go:154.16,156.3 1 0
github.com/hsse/project-service/internal/repository/application_repository.go:158.2,158.49 1 0
github.com/hsse/project-service/internal/repository/application_repository.go:161.75,165.16 2 0
github.com/hsse/project-service/internal/repository/application_repository.go:165.16,167.3 1 0
github.com/hsse/project-service/internal/repository/application_repository.go:169.2,170.16 2 0
github.com/hsse/project-service/internal/repository/application_repository.go:170.16,172.3 1 0
github.com/hsse/project-service/internal/repository/application_repository.go:174.2,174.49 1 0
github.com/hsse/project-service/internal/repository/application_repository.go:177.127,179.16 2 0
github.com/hsse/project-service/internal/repository/application_repository.go:179.16,181.3 1 0
github.com/hsse/project-service/internal/repository/application_repository.go:183.2,183.15 1 0
github.com/hsse/project-service/internal/repository/application_repository.go:183.15,185.3 1 0
github.com/hsse/project-service/internal/repository/application_repository.go:187.2,187.35 1 0
github.com/hsse/project-service/internal/repository/application_repository.go:187.35,192.17 2 0
github.com/hsse/project-service/internal/repository/application_repository.go:192.17,194.4 1 0
github.com/hsse/project-service/internal/repository/application_repository.go:196.3,197.17 2 0
github.com/hsse/project-service/internal/repository/application_repository.go:197.17,199.4 1 0
github.com/hsse/project-service/internal/repository/application_repository.go:202.2,202.23 1 0
github.com/hsse/project-service/internal/repository/project_repository.go:18.64,23.2 1 0
github.com/hsse/project-service/internal/repository/project_repository.go:25.88,42.16 2 0
github.com/hsse/project-service/internal/repository/project_repository.go:42.16,44.3 1 0
github.com/hsse/project-service/internal/repository/project_repository.go:46.2,46.59 1 0
github.com/hsse/project-service/internal/repository/project_repository.go:49.91,58.16 2 0
github.com/hsse/project-service/internal/repository/project_repository.go:58.16,60.3 1 0
github.com/hsse/project-service/internal/repository/project_repository.go:62.2,64.36 2 0
github.com/hsse/project-service/internal/repository/project_repository.go:64.36,79.3 1 0
github.com/hsse/project-service/internal/repository/project_repository.go:81.2,81.87 1 0
github.com/hsse/project-service/internal/repository/project_repository.go:81.87,83.3 1 0
github.com/hsse/project-service/internal/repository/project_repository.go:85.2,85.21 1 0
github.com/hsse/project-service/internal/repository/project_repository.go:96.99,98.27 2 0
github.com/hsse/project-service/internal/repository/project_repository.go:98.27,100.3 1 0
github.com/hsse/project-service/internal/repository/project_repository.go:102.2,102.26 1 0
github.com/hsse/project-service/internal/repository/project_repository.go:102.26,104.3 1 0
github.com/hsse/project-service/internal/repository/project_repository.go:106.2,106.26 1 0
github.com/hsse/project-service/internal/repository/project_repository.go:106.26,108.3 1 0
github.com/hsse/project-service/internal/repository/project_repository.go:110.2,110.11 1 0
github.com/hsse/project-service/internal/repository/project_repository.go:113.101,115.16 2 0
github.com/hsse/project-service/internal/repository/project_repository.go:115.16,117.3 1 0
github.com/hsse/project-service/internal/repository/project_repository.go:119.2,122.19 3 0
github.com/hsse/project-service/internal/repository/project_repository.go:125.31,126.13 1 0
github.com/hsse/project-service/internal/repository/project_repository.go:126.13,128.3 1 0
github.com/hsse/project-service/internal/repository/project_repository.go:130.2,130.18 1 0
github.com/hsse/project-service/internal/repository/project_repository.go:137.37,156.16 2 0
github.com/hsse/project-service/internal/repository/project_repository.go:156.16,158.3 1 0
github.com/hsse/project-service/internal/repository/project_repository.go:160.2,160.62 1 0
github.com/hsse/project-service/internal/repository/project_repository.go:160.62,174.3 3 0
github.com/hsse/project-service/internal/repository/project_repository.go:176.2,176.56 1 0
github.com/hsse/project-service/internal/repository/project_repository.go:179.125,183.16 3 0
github.com/hsse/project-service/internal/repository/project_repository.go:183.16,185.3 1 0
github.com/hsse/project-service/internal/repository/project_repository.go:187.2,188.16 2 0
github.com/hsse/project-service/internal/repository/project_repository.go:188.16,190.3 1 0
github.com/hsse/project-service/internal/repository/project_repository.go:192.2,192.29 1 0
github.com/hsse/project-service/internal/repository/project_repository.go:195.88,207.16 2 0
github.com/hsse/project-service/internal/repository/project_repository.go:207.16,209.3 1 0
github.com/hsse/project-service/internal/repository/project_repository.go:211.2,212.16 2 0
github.com/hsse/project-service/internal/repository/project_repository.go:212.16,214.3 1 0
github.com/hsse/project-service/internal/repository/project_repository.go:216.2,216.45 1 0
github.com/hsse/project-service/internal/repository/project_repository.go:219.71,223.16 2 0
github.com/hsse/project-service/internal/repository/project_repository.go:223.16,225.3 1 0
github.com/hsse/project-service/internal/repository/project_repository.go:227.2,228.16 2 0
github.com/hsse/project-service/internal/repository/project_repository.go:228.16,230.3 1 0
github.com/hsse/project-service/internal/repository/project_repository.go:232.2,232.45 1 0
github.com/hsse/project-service/internal/repository/template_repository.go:18.66,20.2 1 0
github.com/hsse/project-service/internal/repository/template_repository.go:22.91,32.16 2 0
github.com/hsse/project-service/internal/repository/template_repository.go:32.16,34.3 1 0
github.com/hsse/project-service/internal/repository/template_repository.go:36.2,38.12 2 0
github.com/hsse/project-service/internal/repository/template_repository.go:41.96,43.16 2 0
github.com/hsse/project-service/internal/repository/template_repository.go:43.16,45.3 1 0
github.com/hsse/project-service/internal/repository/template_repository.go:47.2,49.36 2 0
github.com/hsse/project-service/internal/repository/template_repository.go:49.36,57.3 1 0
github.com/hsse/project-service/internal/repository/template_repository.go:59.2,59.88 1 0
github.com/hsse/project-service/internal/repository/template_repository.go:59.88,61.3 1 0
github.com/hsse/project-service/internal/repository/template_repository.go:63.2,63.22 1 0
github.com/hsse/project-service/internal/repository/template_repository.go:66.85,68.16 2 0
github.com/hsse/project-service/internal/repository/template_repository.go:68.16,70.3 1 0
github.com/hsse/project-service/internal/repository/template_repository.go:72.2,72.55 1 0
github.com/hsse/project-service/internal/repository/template_repository.go:72.55,82.3 3 0
github.com/hsse/project-service/internal/repository/template_repository.go:84.2,84.48 1 0
github.com/hsse/project-service/internal/repository/template_repository.go:87.91,94.16 2 0
github.com/hsse/project-service/internal/repository/template_repository.go:94.16,96.3 1 0
github.com/hsse/project-service/internal/repository/template_repository.go:98.2,99.16 2 0
github.com/hsse/project-service/internal/repository/template_repository.go:99.16,101.3 1 0
github.com/hsse/project-service/internal/repository/template_repository.go:103.2,103.46 1 0
github.com/hsse/project-service/internal/repository/template_repository.go:106.75,108.16 2 0
github.com/hsse/project-service/internal/repository/template_repository.go:108.16,110.3 1 0
github.com/hsse/project-service/internal/repository/template_repository.go:112.2,113.16 2 0
github.com/hsse/project-service/internal/repository/template_repository.go:113.16,115.3 1 0
github.com/hsse/project-service/internal/repository/template_repository.go:117.2,117.46 1 0
github.com/hsse/project-service/internal/repository/user_repository.go:18.58,23.2 1 0
github.com/hsse/project-service/internal/repository/user_repository.go:25.79,39.16 2 0
github.com/hsse/project-service/internal/repository/user_repository.go:39.16,41.3 1 0
[...]
github.com/hsse/project-service/internal/handlers/project_handler.go:161.73,163.16 2 0
github.com/hsse/project-service/internal/handlers/project_handler.go:163.16,166.3 2 0
github.com/hsse/project-service/internal/handlers/project_handler.go:168.2,168.55 1 0
github.com/hsse/project-service/internal/handlers/project_handler.go:168.55,171.3 2 0
github.com/hsse/project-service/internal/handlers/project_handler.go:173.2,173.37 1 0
github.com/hsse/project-service/internal/handlers/template_handler.go:19.87,21.2 1 0
github.com/hsse/project-service/internal/handlers/template_handler.go:28.74,30.61 2 0
github.com/hsse/project-service/internal/handlers/template_handler.go:30.61,33.3 2 0
github.com/hsse/project-service/internal/handlers/template_handler.go:35.2,35.39 1 0
github.com/hsse/project-service/internal/handlers/template_handler.go:35.39,38.3 2 0
github.com/hsse/project-service/internal/handlers/template_handler.go:40.2,48.61 2 0
github.com/hsse/project-service/internal/handlers/template_handler.go:48.61,51.3 2 0
github.com/hsse/project-service/internal/handlers/template_handler.go:53.2,53.58 1 0
github.com/hsse/project-service/internal/handlers/template_handler.go:56.74,58.16 2 0
github.com/hsse/project-service/internal/handlers/template_handler.go:58.16,61.3 2 0
github.com/hsse/project-service/internal/handlers/template_handler.go:63.2,63.54 1 0
github.com/hsse/project-service/internal/handlers/template_handler.go:66.75,68.16 2 0
github.com/hsse/project-service/internal/handlers/template_handler.go:68.16,71.3 2 0
github.com/hsse/project-service/internal/handlers/template_handler.go:73.2,74.16 2 0
github.com/hsse/project-service/internal/handlers/template_handler.go:74.16,77.3 2 0
github.com/hsse/project-service/internal/handlers/template_handler.go:79.2,79.53 1 0
github.com/hsse/project-service/internal/handlers/template_handler.go:87.74,89.16 2 0
github.com/hsse/project-service/internal/handlers/template_handler.go:89.16,92.3 2 0
github.com/hsse/project-service/internal/handlers/template_handler.go:94.2,95.61 2 0
github.com/hsse/project-service/internal/handlers/template_handler.go:95.61,98.3 2 0
github.com/hsse/project-service/internal/handlers/template_handler.go:100.2,106.61 2 0
github.com/hsse/project-service/internal/handlers/template_handler.go:106.61,109.3 2 0
github.com/hsse/project-service/internal/handlers/template_handler.go:111.2,112.16 2 0
github.com/hsse/project-service/internal/handlers/template_handler.go:112.16,115.3 2 0
github.com/hsse/project-service/internal/handlers/template_handler.go:117.2,117.60 1 0
github.com/hsse/project-service/internal/handlers/template_handler.go:120.74,122.16 2 0
github.com/hsse/project-service/internal/handlers/template_handler.go:122.16,125.3 2 0
github.com/hsse/project-service/internal/handlers/template_handler.go:127.2,127.55 1 0
github.com/hsse/project-service/internal/handlers/template_handler.go:127.55,130.3 2 0
github.com/hsse/project-service/internal/handlers/template_handler.go:132.2,132.37 1 0
github.com/hsse/project-service/internal/handlers/user_handler.go:17.75,19.2 1 0
github.com/hsse/project-service/internal/handlers/user_handler.go:21.70,23.62 2 0
github.com/hsse/project-service/internal/handlers/user_handler.go:23.62,26.3 2 0
github.com/hsse/project-service/internal/handlers/user_handler.go:28.2,35.58 7 0
github.com/hsse/project-service/internal/handlers/user_handler.go:35.58,38.3 2 0
github.com/hsse/project-service/internal/handlers/user_handler.go:40.2,40.54 1 0
github.com/hsse/project-service/internal/handlers/user_handler.go:43.71,45.16 2 0
github.com/hsse/project-service/internal/handlers/user_handler.go:45.16,48.3 2 0
github.com/hsse/project-service/internal/handlers/user_handler.go:50.2,51.16 2 0
github.com/hsse/project-service/internal/handlers/user_handler.go:51.16,54.3 2 0
github.com/hsse/project-service/internal/handlers/user_handler.go:56.2,56.49 1 0
github.com/hsse/project-service/internal/handlers/user_handler.go:59.70,61.16 2 0
github.com/hsse/project-service/internal/handlers/user_handler.go:61.16,64.3 2 0
github.com/hsse/project-service/internal/handlers/user_handler.go:66.2,66.50 1 0
github.com/hsse/project-service/internal/httputil/request.go:8.61,10.15 2 0
github.com/hsse/project-service/internal/httputil/request.go:10.15,12.3 1 0
github.com/hsse/project-service/internal/httputil/request.go:14.2,15.16 2 0
github.com/hsse/project-service/internal/httputil/request.go:15.16,17.3 1 0
github.com/hsse/project-service/internal/httputil/request.go:19.2,19.17 1 0
github.com/hsse/project-service/internal/httputil/request.go:22.67,24.15 2 0
github.com/hsse/project-service/internal/httputil/request.go:24.15,26.3 1 0
github.com/hsse/project-service/internal/httputil/request.go:28.2,28.17 1 0
github.com/hsse/project-service/internal/httputil/request.go:31.71,33.15 2 0
github.com/hsse/project-service/internal/httputil/request.go:33.15,35.3 1 0
github.com/hsse/project-service/internal/httputil/request.go:37.2,38.16 2 0
github.com/hsse/project-service/internal/httputil/request.go:38.16,40.3 1 0
github.com/hsse/project-service/internal/httputil/request.go:42.2,42.12 1 0
github.com/hsse/project-service/internal/httputil/request.go:45.59,47.2 1 0
github.com/hsse/project-service/internal/httputil/request.go:54.42,56.2 1 0
github.com/hsse/project-service/internal/httputil/response.go:17.71,21.56 3 0
github.com/hsse/project-service/internal/httputil/response.go:21.56,23.3 1 0
github.com/hsse/project-service/internal/httputil/response.go:26.70,28.2 1 0
github.com/hsse/project-service/internal/httputil/response.go:30.74,32.2 1 0
github.com/hsse/project-service/internal/middleware/cors.go:5.43,6.71 1 0
github.com/hsse/project-service/internal/middleware/cors.go:6.71,11.28 4 0
github.com/hsse/project-service/internal/middleware/cors.go:11.28,14.4 2 0
github.com/hsse/project-service/internal/middleware/cors.go:16.3,16.23 1 0
github.com/hsse/project-service/internal/middleware/logger.go:14.63,16.2 1 0
github.com/hsse/project-service/internal/middleware/logger.go:18.49,21.2 2 0
github.com/hsse/project-service/internal/middleware/logger.go:23.45,24.71 1 0
github.com/hsse/project-service/internal/middleware/logger.go:24.71,35.3 4 0
github.com/hsse/project-service/internal/models/project.go:26.53,28.2 1 1
github.com/hsse/project-service/internal/models/project.go:30.54,31.18 1 1
github.com/hsse/project-service/internal/models/project.go:31.18,34.3 2 0
github.com/hsse/project-service/internal/models/project.go:36.2,37.9 2 1
github.com/hsse/project-service/internal/models/project.go:37.9,39.3 1 1
github.com/hsse/project-service/internal/models/project.go:41.2,41.34 1 0
github.com/hsse/project-service/internal/models/template.go:26.56,28.2 1 1
github.com/hsse/project-service/internal/models/template.go:30.57,31.18 1 1
github.com/hsse/project-service/internal/models/template.go:31.18,34.3 2 0
github.com/hsse/project-service/internal/models/template.go:36.2,37.9 2 1
github.com/hsse/project-service/internal/models/template.go:37.9,39.3 1 1
github.com/hsse/project-service/internal/models/template.go:41.2,41.34 1 0
github.com/hsse/project-service/internal/repository/application_repository.go:18.72,23.2 1 1
github.com/hsse/project-service/internal/repository/application_repository.go:25.92,37.16 2 1
github.com/hsse/project-service/internal/repository/application_repository.go:37.16,39.3 1 0
github.com/hsse/project-service/internal/repository/application_repository.go:41.2,41.55 1 1
github.com/hsse/project-service/internal/repository/application_repository.go:44.99,49.16 2 1
github.com/hsse/project-service/internal/repository/application_repository.go:49.16,51.3 1 0
github.com/hsse/project-service/internal/repository/application_repository.go:53.2,55.36 2 1
github.com/hsse/project-service/internal/repository/application_repository.go:55.36,65.3 1 1
github.com/hsse/project-service/internal/repository/application_repository.go:67.2,67.91 1 1
github.com/hsse/project-service/internal/repository/application_repository.go:67.91,69.3 1 1
github.com/hsse/project-service/internal/repository/application_repository.go:71.2,71.17 1 1
github.com/hsse/project-service/internal/repository/application_repository.go:74.125,91.16 2 1
github.com/hsse/project-service/internal/repository/application_repository.go:91.16,93.3 1 0
github.com/hsse/project-service/internal/repository/application_repository.go:95.2,95.69 1 1
github.com/hsse/project-service/internal/repository/application_repository.go:95.69,109.3 3 1
github.com/hsse/project-service/internal/repository/application_repository.go:111.2,111.48 1 1
github.com/hsse/project-service/internal/repository/application_repository.go:114.114,120.16 2 1
github.com/hsse/project-service/internal/repository/application_repository.go:120.16,122.3 1 0
github.com/hsse/project-service/internal/repository/application_repository.go:124.2,124.58 1 1
github.com/hsse/project-service/internal/repository/application_repository.go:124.58,136.3 3 1
github.com/hsse/project-service/internal/repository/application_repository.go:138.2,138.48 1 1
github.com/hsse/project-service/internal/repository/application_repository.go:141.92,149.16 2 1
github.com/hsse/project-service/internal/repository/application_repository.go:149.16,151.3 1 0
github.com/hsse/project-service/internal/repository/application_repository.go:153.2,154.16 2 1
github.com/hsse/project-service/internal/repository/application_repository.go:154.16,156.3 1 0
github.com/hsse/project-service/internal/repository/application_repository.go:158.2,158.49 1 1
github.com/hsse/project-service/internal/repository/application_repository.go:161.75,165.16 2 1
github.com/hsse/project-service/internal/repository/application_repository.go:165.16,167.3 1 0
github.com/hsse/project-service/internal/repository/application_repository.go:169.2,170.16 2 1
github.com/hsse/project-service/internal/repository/application_repository.go:170.16,172.3 1 0
github.com/hsse/project-service/internal/repository/application_repository.go:174.2,174.49 1 1
github.com/hsse/project-service/internal/repository/application_repository.go:177.127,179.16 2 1
github.com/hsse/project-service/internal/repository/application_repository.go:179.16,181.3 1 0
github.com/hsse/project-service/internal/repository/application_repository.go:183.2,183.15 1 1
github.com/hsse/project-service/internal/repository/application_repository.go:183.15,185.3 1 1
github.com/hsse/project-service/internal/repository/application_repository.go:187.2,187.35 1 1
github.com/hsse/project-service/internal/repository/application_repository.go:187.35,192.17 2 1
github.com/hsse/project-service/internal/repository/application_repository.go:192.17,194.4 1 0
github.com/hsse/project-service/internal/repository/application_repository.go:196.3,197.17 2 1
github.com/hsse/project-service/internal/repository/application_repository.go:197.17,199.4 1 0
github.com/hsse/project-service/internal/repository/application_repository.go:202.2,202.23 1 1
github.com/hsse/project-service/internal/repository/project_repository.go:18.64,23.2 1 1
github.com/hsse/project-service/internal/repository/project_repository.go:25.88,42.16 2 1
github.com/hsse/project-service/internal/repository/project_repository.go:42.16,44.3 1 0
github.com/hsse/project-service/internal/repository/project_repository.go:46.2,46.59 1 1
github.com/hsse/project-service/internal/repository/project_repository.go:49.91,58.16 2 1
github.com/hsse/project-service/internal/repository/project_repository.go:58.16,60.3 1 0
github.com/hsse/project-service/internal/repository/project_repository.go:62.2,64.36 2 1
github.com/hsse/project-service/internal/repository/project_repository.go:64.36,79.3 1 1
github.com/hsse/project-service/internal/repository/project_repository.go:81.2,81.87 1 1
github.com/hsse/project-service/internal/repository/project_repository.go:81.87,83.3 1 1
github.com/hsse/project-service/internal/repository/project_repository.go:85.2,85.21 1 1
github.com/hsse/project-service/internal/repository/project_repository.go:96.99,98.27 2 1
github.com/hsse/project-service/internal/repository/project_repository.go:98.27,100.3 1 0
github.com/hsse/project-service/internal/repository/project_repository.go:102.2,102.26 1 1
github.com/hsse/project-service/internal/repository/project_repository.go:102.26,104.3 1 0
github.com/hsse/project-service/internal/repository/project_repository.go:106.2,106.26 1 1
github.com/hsse/project-service/internal/repository/project_repository.go:106.26,108.3 1 0
github.com/hsse/project-service/internal/repository/project_repository.go:110.2,110.11 1 1
github.com/hsse/project-service/internal/repository/project_repository.go:113.101,115.16 2 1
github.com/hsse/project-service/internal/repository/project_repository.go:115.16,117.3 1 0
github.com/hsse/project-service/internal/repository/project_repository.go:119.2,122.19 3 1
github.com/hsse/project-service/internal/repository/project_repository.go:125.31,126.13 1 1
github.com/hsse/project-service/internal/repository/project_repository.go:126.13,128.3 1 0
github.com/hsse/project-service/internal/repository/project_repository.go:130.2,130.18 1 1
github.com/hsse/project-service/internal/repository/project_repository.go:137.37,156.16 2 1
github.com/hsse/project-service/internal/repository/project_repository.go:156.16,158.3 1 0
github.com/hsse/project-service/internal/repository/project_repository.go:160.2,160.62 1 1
github.com/hsse/project-service/internal/repository/project_repository.go:160.62,174.3 3 1
github.com/hsse/project-service/internal/repository/project_repository.go:176.2,176.56 1 1
github.com/hsse/project-service/internal/repository/project_repository.go:179.125,183.16 3 1
github.com/hsse/project-service/internal/repository/project_repository.go:183.16,185.3 1 0
github.com/hsse/project-service/internal/repository/project_repository.go:187.2,188.16 2 1
github.com/hsse/project-service/internal/repository/project_repository.go:188.16,190.3 1 0
github.com/hsse/project-service/internal/repository/project_repository.go:192.2,192.29 1 1
github.com/hsse/project-service/internal/repository/project_repository.go:195.88,207.16 2 0
github.com/hsse/project-service/internal/repository/project_repository.go:207.16,209.3 1 0
github.com/hsse/project-service/internal/repository/project_repository.go:211.2,212.16 2 0
github.com/hsse/project-service/internal/repository/project_repository.go:212.16,214.3 1 0
github.com/hsse/project-service/internal/repository/project_repository.go:216.2,216.45 1 0
github.com/hsse/project-service/internal/repository/project_repository.go:219.71,223.16 2 1
github.com/hsse/project-service/internal/repository/project_repository.go:223.16,225.3 1 0
github.com/hsse/project-service/internal/repository/project_repository.go:227.2,228.16 2 1
github.com/hsse/project-service/internal/repository/project_repository.go:228.16,230.3 1 0
github.com/hsse/project-service/internal/repository/project_repository.go:232.2,232.45 1 1
github.com/hsse/project-service/internal/repository/template_repository.go:18.66,20.2 1 1
github.com/hsse/project-service/internal/repository/template_repository.go:22.91,32.16 2 1
github.com/hsse/project-service/internal/repository/template_repository.go:32.16,34.3 1 0
github.com/hsse/project-service/internal/repository/template_repository.go:36.2,38.12 2 1
github.com/hsse/project-service/internal/repository/template_repository.go:41.96,43.16 2 1
github.com/hsse/project-service/internal/repository/template_repository.go:43.16,45.3 1 0
github.com/hsse/project-service/internal/repository/template_repository.go:47.2,49.36 2 1
github.com/hsse/project-service/internal/repository/template_repository.go:49.36,57.3 1 1
github.com/hsse/project-service/internal/repository/template_repository.go:59.2,59.88 1 1
github.com/hsse/project-service/internal/repository/template_repository.go:59.88,61.3 1 1
github.com/hsse/project-service/internal/repository/template_repository.go:63.2,63.22 1 1
github.com/hsse/project-service/internal/repository/template_repository.go:66.85,68.16 2 1
github.com/hsse/project-service/internal/repository/template_repository.go:68.16,70.3 1 0
github.com/hsse/project-service/internal/repository/template_repository.go:72.2,72.55 1 1
github.com/hsse/project-service/internal/repository/template_repository.go:72.55,82.3 3 1
github.com/hsse/project-service/internal/repository/template_repository.go:84.2,84.48 1 1
github.com/hsse/project-service/internal/repository/template_repository.go:87.91,94.16 2 0
github.com/hsse/project-service/internal/repository/template_repository.go:94.16,96.3 1 0
github.com/hsse/project-service/internal/repository/template_repository.go:98.2,99.16 2 0
github.com/hsse/project-service/internal/repository/template_repository.go:99.16,101.3 1 0
github.com/hsse/project-service/internal/repository/template_repository.go:103.2,103.46 1 0
github.com/hsse/project-service/internal/repository/template_repository.go:106.75,108.16 2 1
github.com/hsse/project-service/internal/repository/template_repository.go:108.16,110.3 1 0
github.com/hsse/project-service/internal/repository/template_repository.go:112.2,113.16 2 1
github.com/hsse/project-service/internal/repository/template_repository.go:113.16,115.3 1 0
github.com/hsse/project-service/internal/repository/template_repository.go:117.2,117.46 1 1
github.com/hsse/project-service/internal/repository/user_repository.go:18.58,23.2 1 1
github.com/hsse/project-service/internal/repository/user_repository.go:25.79,39.16 2 1
github.com/hsse/project-service/internal/repository/user_repository.go:39.16,41.3 1 0
github.com/hsse/project-service/internal/repository/user_repository.go:43.2,43.56 1 1
github.com/hsse/project-service/internal/repository/user_repository.go:46.85,51.16 2 1
github.com/hsse/project-service/internal/repository/user_repository.go:51.16,53.3 1 0
github.com/hsse/project-service/internal/repository/user_repository.go:55.2,57.36 2 1
github.com/hsse/project-service/internal/repository/user_repository.go:57.36,69.3 1 1
github.com/hsse/project-service/internal/repository/user_repository.go:71.2,71.84 1 1
github.com/hsse/project-service/internal/repository/user_repository.go:71.84,73.3 1 1
github.com/hsse/project-service/internal/repository/user_repository.go:75.2,75.18 1 1
github.com/hsse/project-service/internal/repository/user_repository.go:78.77,82.16 2 1
github.com/hsse/project-service/internal/repository/user_repository.go:82.16,84.3 1 0
github.com/hsse/project-service/internal/repository/user_repository.go:86.2,86.51 1 1
github.com/hsse/project-service/internal/repository/user_repository.go:86.51,100.3 3 1
github.com/hsse/project-service/internal/repository/user_repository.go:102.2,102.48 1 1
github.com/hsse/project-service/internal/repository/util.go:17.82,19.35 2 1
github.com/hsse/project-service/internal/repository/util.go:19.35,21.3 1 1
github.com/hsse/project-service/internal/repository/util.go:22.2,22.16 1 1
github.com/hsse/project-service/internal/repository/util.go:22.16,24.3 1 1
github.com/hsse/project-service/internal/repository/util.go:25.2,25.12 1 1
github.com/hsse/project-service/internal/repository/util.go:34.16,36.16 2 1
github.com/hsse/project-service/internal/repository/util.go:36.16,38.3 1 0
github.com/hsse/project-service/internal/repository/util.go:39.2,42.18 3 1
github.com/hsse/project-service/internal/repository/util.go:42.18,44.17 2 1
github.com/hsse/project-service/internal/repository/util.go:44.17,46.4 1 0
github.com/hsse/project-service/internal/repository/util.go:47.3,47.34 1 1
github.com/hsse/project-service/internal/repository/util.go:50.2,50.34 1 1
github.com/hsse/project-service/internal/repository/util.go:50.34,52.3 1 0
github.com/hsse/project-service/internal/repository/util.go:54.2,54.21 1 1
github.com/hsse/project-service/internal/repository/util.go:57.72,58.29 1 1
github.com/hsse/project-service/internal/repository/util.go:58.29,60.3 1 1
github.com/hsse/project-service/internal/repository/util.go:61.2,61.12 1 1
